[2025-09-10T22:37:08.998+0800] INFO - manager.py:483 - start() - Processing files using up to 2 processes at a time 
[2025-09-10T22:37:08.999+0800] INFO - manager.py:484 - start() - Process each file at most once every 30 seconds
[2025-09-10T22:37:08.999+0800] INFO - manager.py:485 - start() - Checking for new files in /opt/airflow/dags every 300 seconds
[2025-09-10T22:37:09.000+0800] INFO - manager.py:821 - _refresh_dag_dir() - Searching for files in /opt/airflow/dags
[2025-09-10T22:37:09.011+0800] INFO - manager.py:824 - _refresh_dag_dir() - There are 10 files in /opt/airflow/dags
[2025-09-10T22:37:09.457+0800] INFO - manager.py:997 - _log_file_processing_stats() - 
================================================================================
DAG File Processing Stats

File Path                                                 PID  Runtime      # DAGs    # Errors  Last Runtime    Last Run               Last # of DB Queries
------------------------------------------------------  -----  ---------  --------  ----------  --------------  -------------------  ----------------------
/opt/airflow/dags/example_trigger_dag_operator_dag.py                            2           0  0.29s           2025-09-10T14:37:09                      13
/opt/airflow/dags/hahow_crawler_docker_producer_dag.py     97  0.04s             0           0                                                            0
/opt/airflow/dags/example_dummy_tasks_dag.py              100  0.01s             0           0                                                            0
/opt/airflow/dags/example_branch_operator_dag.py                                 0           0                                                            0
/opt/airflow/dags/example_parallel_dag.py                                        0           0                                                            0
/opt/airflow/dags/example_docker_operator_dag.py                                 0           0                                                            0
/opt/airflow/dags/example_first_dag.py                                           0           0                                                            0
/opt/airflow/dags/example_xcom_dag.py                                            0           0                                                            0
/opt/airflow/dags/hahow_crawler_dag.py                                           0           0                                                            0
/opt/airflow/dags/hahow_crawler_producer_dag.py                                  0           0                                                            0
================================================================================
[2025-09-10T22:37:39.067+0800] INFO - manager.py:997 - _log_file_processing_stats() - 
================================================================================
DAG File Processing Stats

File Path                                               PID    Runtime      # DAGs    # Errors  Last Runtime    Last Run               Last # of DB Queries
------------------------------------------------------  -----  ---------  --------  ----------  --------------  -------------------  ----------------------
/opt/airflow/dags/hahow_crawler_dag.py                                           0           1  2.17s           2025-09-10T14:37:12                       3
/opt/airflow/dags/hahow_crawler_producer_dag.py                                  0           1  1.49s           2025-09-10T14:37:13                       3
/opt/airflow/dags/hahow_crawler_docker_producer_dag.py                           1           0  0.89s           2025-09-10T14:37:10                      45
/opt/airflow/dags/example_branch_operator_dag.py                                 1           0  0.53s           2025-09-10T14:37:10                      32
/opt/airflow/dags/example_trigger_dag_operator_dag.py                            2           0  0.29s           2025-09-10T14:37:09                      13
/opt/airflow/dags/example_dummy_tasks_dag.py                                     1           0  0.24s           2025-09-10T14:37:09                      12
/opt/airflow/dags/example_parallel_dag.py                                        1           0  0.23s           2025-09-10T14:37:10                      12
/opt/airflow/dags/example_first_dag.py                                           1           0  0.22s           2025-09-10T14:37:10                      12
/opt/airflow/dags/example_docker_operator_dag.py                                 1           0  0.20s           2025-09-10T14:37:10                      10
/opt/airflow/dags/example_xcom_dag.py                                            1           0  0.18s           2025-09-10T14:37:10                      10
================================================================================
[2025-09-10T22:38:07.997+0800] INFO - manager.py:997 - _log_file_processing_stats() - 
================================================================================
DAG File Processing Stats

File Path                                               PID    Runtime      # DAGs    # Errors  Last Runtime    Last Run               Last # of DB Queries
------------------------------------------------------  -----  ---------  --------  ----------  --------------  -------------------  ----------------------
/opt/airflow/dags/hahow_crawler_producer_dag.py                                  0           1  0.61s           2025-09-10T14:37:44                       5
/opt/airflow/dags/hahow_crawler_dag.py                                           0           1  0.59s           2025-09-10T14:37:43                       5
/opt/airflow/dags/example_dummy_tasks_dag.py                                     1           0  0.30s           2025-09-10T14:37:40                      12
/opt/airflow/dags/example_first_dag.py                                           1           0  0.27s           2025-09-10T14:37:40                      12
/opt/airflow/dags/example_parallel_dag.py                                        1           0  0.21s           2025-09-10T14:37:40                      12
/opt/airflow/dags/example_branch_operator_dag.py                                 1           0  0.14s           2025-09-10T14:37:40                      10
/opt/airflow/dags/example_trigger_dag_operator_dag.py                            2           0  0.14s           2025-09-10T14:37:40                      13
/opt/airflow/dags/example_docker_operator_dag.py                                 1           0  0.13s           2025-09-10T14:37:40                      10
/opt/airflow/dags/example_xcom_dag.py                                            1           0  0.12s           2025-09-10T14:37:40                      10
/opt/airflow/dags/hahow_crawler_docker_producer_dag.py                           1           0  0.11s           2025-09-10T14:37:40                      12
================================================================================
[2025-09-10T22:38:38.005+0800] INFO - manager.py:997 - _log_file_processing_stats() - 
================================================================================
DAG File Processing Stats

File Path                                               PID    Runtime      # DAGs    # Errors  Last Runtime    Last Run               Last # of DB Queries
------------------------------------------------------  -----  ---------  --------  ----------  --------------  -------------------  ----------------------
/opt/airflow/dags/hahow_crawler_dag.py                                           0           1  0.65s           2025-09-10T14:38:14                       5
/opt/airflow/dags/hahow_crawler_producer_dag.py                                  0           1  0.58s           2025-09-10T14:38:14                       5
/opt/airflow/dags/hahow_crawler_docker_producer_dag.py                           1           0  0.26s           2025-09-10T14:38:11                      12
/opt/airflow/dags/example_trigger_dag_operator_dag.py                            2           0  0.25s           2025-09-10T14:38:11                      13
/opt/airflow/dags/example_first_dag.py                                           1           0  0.22s           2025-09-10T14:38:11                      12
/opt/airflow/dags/example_docker_operator_dag.py                                 1           0  0.22s           2025-09-10T14:38:11                      10
/opt/airflow/dags/example_parallel_dag.py                                        1           0  0.21s           2025-09-10T14:38:11                      12
/opt/airflow/dags/example_branch_operator_dag.py                                 1           0  0.20s           2025-09-10T14:38:11                      10
/opt/airflow/dags/example_dummy_tasks_dag.py                                     1           0  0.19s           2025-09-10T14:38:11                      12
/opt/airflow/dags/example_xcom_dag.py                                            1           0  0.18s           2025-09-10T14:38:12                      10
================================================================================
[2025-09-10T22:39:07.054+0800] INFO - manager.py:997 - _log_file_processing_stats() - 
================================================================================
DAG File Processing Stats

File Path                                               PID    Runtime      # DAGs    # Errors  Last Runtime    Last Run               Last # of DB Queries
------------------------------------------------------  -----  ---------  --------  ----------  --------------  -------------------  ----------------------
/opt/airflow/dags/hahow_crawler_dag.py                                           0           1  0.79s           2025-09-10T14:38:45                       5
/opt/airflow/dags/hahow_crawler_producer_dag.py                                  0           1  0.78s           2025-09-10T14:38:45                       5
/opt/airflow/dags/hahow_crawler_docker_producer_dag.py                           1           0  0.26s           2025-09-10T14:38:42                      12
/opt/airflow/dags/example_trigger_dag_operator_dag.py                            2           0  0.26s           2025-09-10T14:38:42                      13
/opt/airflow/dags/example_dummy_tasks_dag.py                                     1           0  0.23s           2025-09-10T14:38:42                      12
/opt/airflow/dags/example_xcom_dag.py                                            1           0  0.18s           2025-09-10T14:38:43                      10
/opt/airflow/dags/example_parallel_dag.py                                        1           0  -0.16s          2025-09-10T14:38:42                      12
/opt/airflow/dags/example_branch_operator_dag.py                                 1           0  -0.17s          2025-09-10T14:38:42                      10
/opt/airflow/dags/example_first_dag.py                                           1           0  -0.45s          2025-09-10T14:38:41                      12
/opt/airflow/dags/example_docker_operator_dag.py                                 1           0  -0.45s          2025-09-10T14:38:41                      10
================================================================================
[2025-09-10T22:39:36.926+0800] INFO - manager.py:997 - _log_file_processing_stats() - 
================================================================================
DAG File Processing Stats

File Path                                               PID    Runtime      # DAGs    # Errors  Last Runtime    Last Run               Last # of DB Queries
------------------------------------------------------  -----  ---------  --------  ----------  --------------  -------------------  ----------------------
/opt/airflow/dags/hahow_crawler_producer_dag.py                                  0           1  0.74s           2025-09-10T14:39:16                       5
/opt/airflow/dags/hahow_crawler_dag.py                                           0           1  0.71s           2025-09-10T14:39:16                       5
/opt/airflow/dags/example_first_dag.py                                           1           0  0.23s           2025-09-10T14:39:12                      12
/opt/airflow/dags/example_docker_operator_dag.py                                 1           0  0.23s           2025-09-10T14:39:12                      10
/opt/airflow/dags/hahow_crawler_docker_producer_dag.py                           1           0  0.23s           2025-09-10T14:39:13                      12
/opt/airflow/dags/example_trigger_dag_operator_dag.py                            2           0  0.23s           2025-09-10T14:39:13                      13
/opt/airflow/dags/example_parallel_dag.py                                        1           0  0.22s           2025-09-10T14:39:13                      12
/opt/airflow/dags/example_dummy_tasks_dag.py                                     1           0  0.21s           2025-09-10T14:39:13                      12
/opt/airflow/dags/example_branch_operator_dag.py                                 1           0  0.21s           2025-09-10T14:39:13                      10
/opt/airflow/dags/example_xcom_dag.py                                            1           0  0.17s           2025-09-10T14:39:13                      10
================================================================================
[2025-09-10T22:40:06.268+0800] INFO - manager.py:997 - _log_file_processing_stats() - 
================================================================================
DAG File Processing Stats

File Path                                               PID    Runtime      # DAGs    # Errors  Last Runtime    Last Run               Last # of DB Queries
------------------------------------------------------  -----  ---------  --------  ----------  --------------  -------------------  ----------------------
/opt/airflow/dags/hahow_crawler_producer_dag.py                                  0           1  0.61s           2025-09-10T14:39:48                       5
/opt/airflow/dags/hahow_crawler_dag.py                                           0           1  0.59s           2025-09-10T14:39:48                       5
/opt/airflow/dags/example_first_dag.py                                           1           0  0.14s           2025-09-10T14:39:43                      12
/opt/airflow/dags/example_docker_operator_dag.py                                 1           0  0.14s           2025-09-10T14:39:43                      10
/opt/airflow/dags/example_parallel_dag.py                                        1           0  0.13s           2025-09-10T14:39:44                      12
/opt/airflow/dags/example_branch_operator_dag.py                                 1           0  0.12s           2025-09-10T14:39:44                      10
/opt/airflow/dags/hahow_crawler_docker_producer_dag.py                           1           0  0.12s           2025-09-10T14:39:44                      12
/opt/airflow/dags/example_trigger_dag_operator_dag.py                            2           0  0.12s           2025-09-10T14:39:44                      13
/opt/airflow/dags/example_xcom_dag.py                                            1           0  0.10s           2025-09-10T14:39:44                      10
/opt/airflow/dags/example_dummy_tasks_dag.py                                     1           0  0.10s           2025-09-10T14:39:44                      12
================================================================================
[2025-09-10T22:40:35.493+0800] INFO - manager.py:997 - _log_file_processing_stats() - 
================================================================================
DAG File Processing Stats

File Path                                               PID    Runtime      # DAGs    # Errors  Last Runtime    Last Run               Last # of DB Queries
------------------------------------------------------  -----  ---------  --------  ----------  --------------  -------------------  ----------------------
/opt/airflow/dags/hahow_crawler_producer_dag.py                                  0           1  0.58s           2025-09-10T14:40:19                       5
/opt/airflow/dags/hahow_crawler_dag.py                                           0           1  0.56s           2025-09-10T14:40:19                       5
/opt/airflow/dags/example_first_dag.py                                           1           0  0.12s           2025-09-10T14:40:13                      12
/opt/airflow/dags/example_docker_operator_dag.py                                 1           0  0.12s           2025-09-10T14:40:13                      10
/opt/airflow/dags/example_parallel_dag.py                                        1           0  0.11s           2025-09-10T14:40:14                      12
/opt/airflow/dags/hahow_crawler_docker_producer_dag.py                           1           0  0.11s           2025-09-10T14:40:14                      12
/opt/airflow/dags/example_trigger_dag_operator_dag.py                            2           0  0.11s           2025-09-10T14:40:14                      13
/opt/airflow/dags/example_branch_operator_dag.py                                 1           0  0.10s           2025-09-10T14:40:14                      10
/opt/airflow/dags/example_dummy_tasks_dag.py                                     1           0  0.09s           2025-09-10T14:40:14                      12
/opt/airflow/dags/example_xcom_dag.py                                            1           0  0.09s           2025-09-10T14:40:14                      10
================================================================================
[2025-09-10T22:41:04.802+0800] INFO - manager.py:997 - _log_file_processing_stats() - 
================================================================================
DAG File Processing Stats

File Path                                               PID    Runtime      # DAGs    # Errors  Last Runtime    Last Run               Last # of DB Queries
------------------------------------------------------  -----  ---------  --------  ----------  --------------  -------------------  ----------------------
/opt/airflow/dags/hahow_crawler_producer_dag.py                                  0           1  0.54s           2025-09-10T14:40:50                       5
/opt/airflow/dags/hahow_crawler_dag.py                                           0           1  0.53s           2025-09-10T14:40:50                       5
/opt/airflow/dags/example_first_dag.py                                           1           0  0.12s           2025-09-10T14:40:43                      12
/opt/airflow/dags/example_docker_operator_dag.py                                 1           0  0.12s           2025-09-10T14:40:43                      10
/opt/airflow/dags/example_parallel_dag.py                                        1           0  0.12s           2025-09-10T14:40:44                      12
/opt/airflow/dags/hahow_crawler_docker_producer_dag.py                           1           0  0.12s           2025-09-10T14:40:44                      12
/opt/airflow/dags/example_trigger_dag_operator_dag.py                            2           0  0.11s           2025-09-10T14:40:44                      13
/opt/airflow/dags/example_branch_operator_dag.py                                 1           0  0.11s           2025-09-10T14:40:44                      10
/opt/airflow/dags/example_dummy_tasks_dag.py                                     1           0  0.09s           2025-09-10T14:40:44                      12
/opt/airflow/dags/example_xcom_dag.py                                            1           0  0.09s           2025-09-10T14:40:45                      10
================================================================================
[2025-09-10T22:41:34.197+0800] INFO - manager.py:997 - _log_file_processing_stats() - 
================================================================================
DAG File Processing Stats

File Path                                               PID    Runtime      # DAGs    # Errors  Last Runtime    Last Run               Last # of DB Queries
------------------------------------------------------  -----  ---------  --------  ----------  --------------  -------------------  ----------------------
/opt/airflow/dags/hahow_crawler_producer_dag.py                                  0           1  0.53s           2025-09-10T14:41:22                       5
/opt/airflow/dags/hahow_crawler_dag.py                                           0           1  0.52s           2025-09-10T14:41:22                       5
/opt/airflow/dags/example_parallel_dag.py                                        1           0  0.12s           2025-09-10T14:41:15                      12
/opt/airflow/dags/hahow_crawler_docker_producer_dag.py                           1           0  0.12s           2025-09-10T14:41:15                      12
/opt/airflow/dags/example_first_dag.py                                           1           0  0.12s           2025-09-10T14:41:13                      12
/opt/airflow/dags/example_docker_operator_dag.py                                 1           0  0.12s           2025-09-10T14:41:13                      10
/opt/airflow/dags/example_trigger_dag_operator_dag.py                            2           0  0.12s           2025-09-10T14:41:15                      13
/opt/airflow/dags/example_branch_operator_dag.py                                 1           0  0.11s           2025-09-10T14:41:15                      10
/opt/airflow/dags/example_dummy_tasks_dag.py                                     1           0  0.11s           2025-09-10T14:41:15                      12
/opt/airflow/dags/example_xcom_dag.py                                            1           0  0.09s           2025-09-10T14:41:15                      10
================================================================================
[2025-09-10T22:42:03.598+0800] INFO - manager.py:997 - _log_file_processing_stats() - 
================================================================================
DAG File Processing Stats

File Path                                               PID    Runtime      # DAGs    # Errors  Last Runtime    Last Run               Last # of DB Queries
------------------------------------------------------  -----  ---------  --------  ----------  --------------  -------------------  ----------------------
/opt/airflow/dags/hahow_crawler_dag.py                                           0           1  0.65s           2025-09-10T14:41:53                       5
/opt/airflow/dags/hahow_crawler_producer_dag.py                                  0           1  0.65s           2025-09-10T14:41:53                       5
/opt/airflow/dags/example_first_dag.py                                           1           0  0.13s           2025-09-10T14:41:44                      12
/opt/airflow/dags/example_docker_operator_dag.py                                 1           0  0.13s           2025-09-10T14:41:44                      10
/opt/airflow/dags/hahow_crawler_docker_producer_dag.py                           1           0  0.12s           2025-09-10T14:41:45                      12
/opt/airflow/dags/example_trigger_dag_operator_dag.py                            2           0  0.12s           2025-09-10T14:41:45                      13
/opt/airflow/dags/example_parallel_dag.py                                        1           0  0.12s           2025-09-10T14:41:45                      12
/opt/airflow/dags/example_branch_operator_dag.py                                 1           0  0.10s           2025-09-10T14:41:45                      10
/opt/airflow/dags/example_dummy_tasks_dag.py                                     1           0  0.10s           2025-09-10T14:41:45                      12
/opt/airflow/dags/example_xcom_dag.py                                            1           0  0.09s           2025-09-10T14:41:45                      10
================================================================================
[2025-09-10T22:42:09.526+0800] INFO - manager.py:821 - _refresh_dag_dir() - Searching for files in /opt/airflow/dags
[2025-09-10T22:42:09.531+0800] INFO - manager.py:824 - _refresh_dag_dir() - There are 10 files in /opt/airflow/dags
[2025-09-10T22:42:32.966+0800] INFO - manager.py:997 - _log_file_processing_stats() - 
================================================================================
DAG File Processing Stats

File Path                                               PID    Runtime      # DAGs    # Errors  Last Runtime    Last Run               Last # of DB Queries
------------------------------------------------------  -----  ---------  --------  ----------  --------------  -------------------  ----------------------
/opt/airflow/dags/hahow_crawler_producer_dag.py                                  0           1  0.63s           2025-09-10T14:42:24                       5
/opt/airflow/dags/hahow_crawler_dag.py                                           0           1  0.62s           2025-09-10T14:42:24                       5
/opt/airflow/dags/example_first_dag.py                                           1           0  0.13s           2025-09-10T14:42:14                      12
/opt/airflow/dags/example_docker_operator_dag.py                                 1           0  0.13s           2025-09-10T14:42:14                      10
/opt/airflow/dags/hahow_crawler_docker_producer_dag.py                           1           0  0.12s           2025-09-10T14:42:15                      12
/opt/airflow/dags/example_parallel_dag.py                                        1           0  0.12s           2025-09-10T14:42:16                      12
/opt/airflow/dags/example_trigger_dag_operator_dag.py                            2           0  0.11s           2025-09-10T14:42:15                      13
/opt/airflow/dags/example_branch_operator_dag.py                                 1           0  0.10s           2025-09-10T14:42:16                      10
/opt/airflow/dags/example_dummy_tasks_dag.py                                     1           0  0.10s           2025-09-10T14:42:15                      12
/opt/airflow/dags/example_xcom_dag.py                                            1           0  0.09s           2025-09-10T14:42:16                      10
================================================================================
[2025-09-10T22:43:02.254+0800] INFO - manager.py:997 - _log_file_processing_stats() - 
================================================================================
DAG File Processing Stats

File Path                                               PID    Runtime      # DAGs    # Errors  Last Runtime    Last Run               Last # of DB Queries
------------------------------------------------------  -----  ---------  --------  ----------  --------------  -------------------  ----------------------
/opt/airflow/dags/hahow_crawler_producer_dag.py                                  0           1  0.58s           2025-09-10T14:42:56                       5
/opt/airflow/dags/hahow_crawler_dag.py                                           0           1  0.56s           2025-09-10T14:42:56                       5
/opt/airflow/dags/hahow_crawler_docker_producer_dag.py                           1           0  0.13s           2025-09-10T14:42:46                      12
/opt/airflow/dags/example_trigger_dag_operator_dag.py                            2           0  0.13s           2025-09-10T14:42:46                      13
/opt/airflow/dags/example_first_dag.py                                           1           0  0.12s           2025-09-10T14:42:45                      12
/opt/airflow/dags/example_docker_operator_dag.py                                 1           0  0.11s           2025-09-10T14:42:45                      10
/opt/airflow/dags/example_parallel_dag.py                                        1           0  0.11s           2025-09-10T14:42:46                      12
/opt/airflow/dags/example_branch_operator_dag.py                                 1           0  0.10s           2025-09-10T14:42:46                      10
/opt/airflow/dags/example_dummy_tasks_dag.py                                     1           0  0.09s           2025-09-10T14:42:46                      12
/opt/airflow/dags/example_xcom_dag.py                                            1           0  0.09s           2025-09-10T14:42:46                      10
================================================================================
