[2025-09-10T22:37:10.562+0800] INFO - processor.py:186 - _handle_dag_file_processing() - Started process (PID=137) to work on /opt/airflow/dags/example_xcom_dag.py
[2025-09-10T22:37:10.564+0800] INFO - processor.py:914 - process_file() - Processing file /opt/airflow/dags/example_xcom_dag.py for tasks to queue
[2025-09-10T22:37:10.567+0800] INFO - logging_mixin.py:190 - _propagate_log() - [2025-09-10T22:37:10.567+0800] INFO - dagbag.py:588 - collect_dags() - Filling up the DagBag from /opt/airflow/dags/example_xcom_dag.py
[2025-09-10T22:37:10.595+0800] INFO - processor.py:925 - process_file() - DAG(s) 'example_xcom_coffee_shop_dag' retrieved from /opt/airflow/dags/example_xcom_dag.py
[2025-09-10T22:37:10.634+0800] INFO - logging_mixin.py:190 - _propagate_log() - [2025-09-10T22:37:10.634+0800] INFO - dag.py:3239 - bulk_write_to_db() - Sync 1 DAGs
[2025-09-10T22:37:10.663+0800] INFO - logging_mixin.py:190 - _propagate_log() - [2025-09-10T22:37:10.663+0800] INFO - dag.py:4180 - calculate_dagrun_date_fields() - Setting next_dagrun for example_xcom_coffee_shop_dag to None, run_after=None
[2025-09-10T22:37:10.698+0800] INFO - processor.py:208 - _run_file_processor() - Processing /opt/airflow/dags/example_xcom_dag.py took 0.148 seconds
[2025-09-10T22:37:40.884+0800] INFO - processor.py:186 - _handle_dag_file_processing() - Started process (PID=211) to work on /opt/airflow/dags/example_xcom_dag.py
[2025-09-10T22:37:40.886+0800] INFO - processor.py:914 - process_file() - Processing file /opt/airflow/dags/example_xcom_dag.py for tasks to queue
[2025-09-10T22:37:40.889+0800] INFO - logging_mixin.py:190 - _propagate_log() - [2025-09-10T22:37:40.888+0800] INFO - dagbag.py:588 - collect_dags() - Filling up the DagBag from /opt/airflow/dags/example_xcom_dag.py
[2025-09-10T22:37:40.904+0800] INFO - processor.py:925 - process_file() - DAG(s) 'example_xcom_coffee_shop_dag' retrieved from /opt/airflow/dags/example_xcom_dag.py
[2025-09-10T22:37:40.934+0800] INFO - logging_mixin.py:190 - _propagate_log() - [2025-09-10T22:37:40.933+0800] INFO - dag.py:3239 - bulk_write_to_db() - Sync 1 DAGs
[2025-09-10T22:37:40.949+0800] INFO - logging_mixin.py:190 - _propagate_log() - [2025-09-10T22:37:40.949+0800] INFO - dag.py:4180 - calculate_dagrun_date_fields() - Setting next_dagrun for example_xcom_coffee_shop_dag to None, run_after=None
[2025-09-10T22:37:40.980+0800] INFO - processor.py:208 - _run_file_processor() - Processing /opt/airflow/dags/example_xcom_dag.py took 0.102 seconds
[2025-09-10T22:38:11.976+0800] INFO - processor.py:186 - _handle_dag_file_processing() - Started process (PID=285) to work on /opt/airflow/dags/example_xcom_dag.py
[2025-09-10T22:38:11.977+0800] INFO - processor.py:914 - process_file() - Processing file /opt/airflow/dags/example_xcom_dag.py for tasks to queue
[2025-09-10T22:38:11.978+0800] INFO - logging_mixin.py:190 - _propagate_log() - [2025-09-10T22:38:11.978+0800] INFO - dagbag.py:588 - collect_dags() - Filling up the DagBag from /opt/airflow/dags/example_xcom_dag.py
[2025-09-10T22:38:11.988+0800] INFO - processor.py:925 - process_file() - DAG(s) 'example_xcom_coffee_shop_dag' retrieved from /opt/airflow/dags/example_xcom_dag.py
[2025-09-10T22:38:12.008+0800] INFO - logging_mixin.py:190 - _propagate_log() - [2025-09-10T22:38:12.008+0800] INFO - dag.py:3239 - bulk_write_to_db() - Sync 1 DAGs
[2025-09-10T22:38:12.020+0800] INFO - logging_mixin.py:190 - _propagate_log() - [2025-09-10T22:38:12.019+0800] INFO - dag.py:4180 - calculate_dagrun_date_fields() - Setting next_dagrun for example_xcom_coffee_shop_dag to None, run_after=None
[2025-09-10T22:38:12.127+0800] INFO - processor.py:208 - _run_file_processor() - Processing /opt/airflow/dags/example_xcom_dag.py took 0.158 seconds
[2025-09-10T22:38:42.988+0800] INFO - processor.py:186 - _handle_dag_file_processing() - Started process (PID=361) to work on /opt/airflow/dags/example_xcom_dag.py
[2025-09-10T22:38:42.994+0800] INFO - processor.py:914 - process_file() - Processing file /opt/airflow/dags/example_xcom_dag.py for tasks to queue
[2025-09-10T22:38:42.995+0800] INFO - logging_mixin.py:190 - _propagate_log() - [2025-09-10T22:38:42.995+0800] INFO - dagbag.py:588 - collect_dags() - Filling up the DagBag from /opt/airflow/dags/example_xcom_dag.py
[2025-09-10T22:38:43.005+0800] INFO - processor.py:925 - process_file() - DAG(s) 'example_xcom_coffee_shop_dag' retrieved from /opt/airflow/dags/example_xcom_dag.py
[2025-09-10T22:38:43.115+0800] INFO - logging_mixin.py:190 - _propagate_log() - [2025-09-10T22:38:43.115+0800] INFO - dag.py:3239 - bulk_write_to_db() - Sync 1 DAGs
[2025-09-10T22:38:43.124+0800] INFO - logging_mixin.py:190 - _propagate_log() - [2025-09-10T22:38:43.123+0800] INFO - dag.py:4180 - calculate_dagrun_date_fields() - Setting next_dagrun for example_xcom_coffee_shop_dag to None, run_after=None
[2025-09-10T22:38:43.139+0800] INFO - processor.py:208 - _run_file_processor() - Processing /opt/airflow/dags/example_xcom_dag.py took 0.157 seconds
[2025-09-10T22:39:13.690+0800] INFO - processor.py:186 - _handle_dag_file_processing() - Started process (PID=435) to work on /opt/airflow/dags/example_xcom_dag.py
[2025-09-10T22:39:13.691+0800] INFO - processor.py:914 - process_file() - Processing file /opt/airflow/dags/example_xcom_dag.py for tasks to queue
[2025-09-10T22:39:13.692+0800] INFO - logging_mixin.py:190 - _propagate_log() - [2025-09-10T22:39:13.692+0800] INFO - dagbag.py:588 - collect_dags() - Filling up the DagBag from /opt/airflow/dags/example_xcom_dag.py
[2025-09-10T22:39:13.790+0800] INFO - processor.py:925 - process_file() - DAG(s) 'example_xcom_coffee_shop_dag' retrieved from /opt/airflow/dags/example_xcom_dag.py
[2025-09-10T22:39:13.806+0800] INFO - logging_mixin.py:190 - _propagate_log() - [2025-09-10T22:39:13.806+0800] INFO - dag.py:3239 - bulk_write_to_db() - Sync 1 DAGs
[2025-09-10T22:39:13.814+0800] INFO - logging_mixin.py:190 - _propagate_log() - [2025-09-10T22:39:13.814+0800] INFO - dag.py:4180 - calculate_dagrun_date_fields() - Setting next_dagrun for example_xcom_coffee_shop_dag to None, run_after=None
[2025-09-10T22:39:13.831+0800] INFO - processor.py:208 - _run_file_processor() - Processing /opt/airflow/dags/example_xcom_dag.py took 0.148 seconds
[2025-09-10T22:39:44.439+0800] INFO - processor.py:186 - _handle_dag_file_processing() - Started process (PID=509) to work on /opt/airflow/dags/example_xcom_dag.py
[2025-09-10T22:39:44.440+0800] INFO - processor.py:914 - process_file() - Processing file /opt/airflow/dags/example_xcom_dag.py for tasks to queue
[2025-09-10T22:39:44.442+0800] INFO - logging_mixin.py:190 - _propagate_log() - [2025-09-10T22:39:44.441+0800] INFO - dagbag.py:588 - collect_dags() - Filling up the DagBag from /opt/airflow/dags/example_xcom_dag.py
[2025-09-10T22:39:44.455+0800] INFO - processor.py:925 - process_file() - DAG(s) 'example_xcom_coffee_shop_dag' retrieved from /opt/airflow/dags/example_xcom_dag.py
[2025-09-10T22:39:44.478+0800] INFO - logging_mixin.py:190 - _propagate_log() - [2025-09-10T22:39:44.477+0800] INFO - dag.py:3239 - bulk_write_to_db() - Sync 1 DAGs
[2025-09-10T22:39:44.490+0800] INFO - logging_mixin.py:190 - _propagate_log() - [2025-09-10T22:39:44.490+0800] INFO - dag.py:4180 - calculate_dagrun_date_fields() - Setting next_dagrun for example_xcom_coffee_shop_dag to None, run_after=None
[2025-09-10T22:39:44.508+0800] INFO - processor.py:208 - _run_file_processor() - Processing /opt/airflow/dags/example_xcom_dag.py took 0.077 seconds
[2025-09-10T22:40:14.672+0800] INFO - processor.py:186 - _handle_dag_file_processing() - Started process (PID=581) to work on /opt/airflow/dags/example_xcom_dag.py
[2025-09-10T22:40:14.673+0800] INFO - processor.py:914 - process_file() - Processing file /opt/airflow/dags/example_xcom_dag.py for tasks to queue
[2025-09-10T22:40:14.674+0800] INFO - logging_mixin.py:190 - _propagate_log() - [2025-09-10T22:40:14.673+0800] INFO - dagbag.py:588 - collect_dags() - Filling up the DagBag from /opt/airflow/dags/example_xcom_dag.py
[2025-09-10T22:40:14.686+0800] INFO - processor.py:925 - process_file() - DAG(s) 'example_xcom_coffee_shop_dag' retrieved from /opt/airflow/dags/example_xcom_dag.py
[2025-09-10T22:40:14.707+0800] INFO - logging_mixin.py:190 - _propagate_log() - [2025-09-10T22:40:14.706+0800] INFO - dag.py:3239 - bulk_write_to_db() - Sync 1 DAGs
[2025-09-10T22:40:14.718+0800] INFO - logging_mixin.py:190 - _propagate_log() - [2025-09-10T22:40:14.718+0800] INFO - dag.py:4180 - calculate_dagrun_date_fields() - Setting next_dagrun for example_xcom_coffee_shop_dag to None, run_after=None
[2025-09-10T22:40:14.735+0800] INFO - processor.py:208 - _run_file_processor() - Processing /opt/airflow/dags/example_xcom_dag.py took 0.070 seconds
[2025-09-10T22:40:44.999+0800] INFO - processor.py:186 - _handle_dag_file_processing() - Started process (PID=655) to work on /opt/airflow/dags/example_xcom_dag.py
[2025-09-10T22:40:45.000+0800] INFO - processor.py:914 - process_file() - Processing file /opt/airflow/dags/example_xcom_dag.py for tasks to queue
[2025-09-10T22:40:45.001+0800] INFO - logging_mixin.py:190 - _propagate_log() - [2025-09-10T22:40:45.001+0800] INFO - dagbag.py:588 - collect_dags() - Filling up the DagBag from /opt/airflow/dags/example_xcom_dag.py
[2025-09-10T22:40:45.013+0800] INFO - processor.py:925 - process_file() - DAG(s) 'example_xcom_coffee_shop_dag' retrieved from /opt/airflow/dags/example_xcom_dag.py
[2025-09-10T22:40:45.033+0800] INFO - logging_mixin.py:190 - _propagate_log() - [2025-09-10T22:40:45.033+0800] INFO - dag.py:3239 - bulk_write_to_db() - Sync 1 DAGs
[2025-09-10T22:40:45.047+0800] INFO - logging_mixin.py:190 - _propagate_log() - [2025-09-10T22:40:45.047+0800] INFO - dag.py:4180 - calculate_dagrun_date_fields() - Setting next_dagrun for example_xcom_coffee_shop_dag to None, run_after=None
[2025-09-10T22:40:45.063+0800] INFO - processor.py:208 - _run_file_processor() - Processing /opt/airflow/dags/example_xcom_dag.py took 0.071 seconds
[2025-09-10T22:41:15.368+0800] INFO - processor.py:186 - _handle_dag_file_processing() - Started process (PID=729) to work on /opt/airflow/dags/example_xcom_dag.py
[2025-09-10T22:41:15.370+0800] INFO - processor.py:914 - process_file() - Processing file /opt/airflow/dags/example_xcom_dag.py for tasks to queue
[2025-09-10T22:41:15.372+0800] INFO - logging_mixin.py:190 - _propagate_log() - [2025-09-10T22:41:15.371+0800] INFO - dagbag.py:588 - collect_dags() - Filling up the DagBag from /opt/airflow/dags/example_xcom_dag.py
[2025-09-10T22:41:15.383+0800] INFO - processor.py:925 - process_file() - DAG(s) 'example_xcom_coffee_shop_dag' retrieved from /opt/airflow/dags/example_xcom_dag.py
[2025-09-10T22:41:15.403+0800] INFO - logging_mixin.py:190 - _propagate_log() - [2025-09-10T22:41:15.403+0800] INFO - dag.py:3239 - bulk_write_to_db() - Sync 1 DAGs
[2025-09-10T22:41:15.416+0800] INFO - logging_mixin.py:190 - _propagate_log() - [2025-09-10T22:41:15.416+0800] INFO - dag.py:4180 - calculate_dagrun_date_fields() - Setting next_dagrun for example_xcom_coffee_shop_dag to None, run_after=None
[2025-09-10T22:41:15.432+0800] INFO - processor.py:208 - _run_file_processor() - Processing /opt/airflow/dags/example_xcom_dag.py took 0.071 seconds
[2025-09-10T22:41:45.686+0800] INFO - processor.py:186 - _handle_dag_file_processing() - Started process (PID=804) to work on /opt/airflow/dags/example_xcom_dag.py
[2025-09-10T22:41:45.687+0800] INFO - processor.py:914 - process_file() - Processing file /opt/airflow/dags/example_xcom_dag.py for tasks to queue
[2025-09-10T22:41:45.688+0800] INFO - logging_mixin.py:190 - _propagate_log() - [2025-09-10T22:41:45.688+0800] INFO - dagbag.py:588 - collect_dags() - Filling up the DagBag from /opt/airflow/dags/example_xcom_dag.py
[2025-09-10T22:41:45.699+0800] INFO - processor.py:925 - process_file() - DAG(s) 'example_xcom_coffee_shop_dag' retrieved from /opt/airflow/dags/example_xcom_dag.py
[2025-09-10T22:41:45.719+0800] INFO - logging_mixin.py:190 - _propagate_log() - [2025-09-10T22:41:45.718+0800] INFO - dag.py:3239 - bulk_write_to_db() - Sync 1 DAGs
[2025-09-10T22:41:45.729+0800] INFO - logging_mixin.py:190 - _propagate_log() - [2025-09-10T22:41:45.729+0800] INFO - dag.py:4180 - calculate_dagrun_date_fields() - Setting next_dagrun for example_xcom_coffee_shop_dag to None, run_after=None
[2025-09-10T22:41:45.745+0800] INFO - processor.py:208 - _run_file_processor() - Processing /opt/airflow/dags/example_xcom_dag.py took 0.066 seconds
[2025-09-10T22:42:16.130+0800] INFO - processor.py:186 - _handle_dag_file_processing() - Started process (PID=878) to work on /opt/airflow/dags/example_xcom_dag.py
[2025-09-10T22:42:16.131+0800] INFO - processor.py:914 - process_file() - Processing file /opt/airflow/dags/example_xcom_dag.py for tasks to queue
[2025-09-10T22:42:16.133+0800] INFO - logging_mixin.py:190 - _propagate_log() - [2025-09-10T22:42:16.132+0800] INFO - dagbag.py:588 - collect_dags() - Filling up the DagBag from /opt/airflow/dags/example_xcom_dag.py
[2025-09-10T22:42:16.144+0800] INFO - processor.py:925 - process_file() - DAG(s) 'example_xcom_coffee_shop_dag' retrieved from /opt/airflow/dags/example_xcom_dag.py
[2025-09-10T22:42:16.163+0800] INFO - logging_mixin.py:190 - _propagate_log() - [2025-09-10T22:42:16.162+0800] INFO - dag.py:3239 - bulk_write_to_db() - Sync 1 DAGs
[2025-09-10T22:42:16.175+0800] INFO - logging_mixin.py:190 - _propagate_log() - [2025-09-10T22:42:16.175+0800] INFO - dag.py:4180 - calculate_dagrun_date_fields() - Setting next_dagrun for example_xcom_coffee_shop_dag to None, run_after=None
[2025-09-10T22:42:16.193+0800] INFO - processor.py:208 - _run_file_processor() - Processing /opt/airflow/dags/example_xcom_dag.py took 0.069 seconds
[2025-09-10T22:42:46.535+0800] INFO - processor.py:186 - _handle_dag_file_processing() - Started process (PID=953) to work on /opt/airflow/dags/example_xcom_dag.py
[2025-09-10T22:42:46.535+0800] INFO - processor.py:914 - process_file() - Processing file /opt/airflow/dags/example_xcom_dag.py for tasks to queue
[2025-09-10T22:42:46.536+0800] INFO - logging_mixin.py:190 - _propagate_log() - [2025-09-10T22:42:46.536+0800] INFO - dagbag.py:588 - collect_dags() - Filling up the DagBag from /opt/airflow/dags/example_xcom_dag.py
[2025-09-10T22:42:46.547+0800] INFO - processor.py:925 - process_file() - DAG(s) 'example_xcom_coffee_shop_dag' retrieved from /opt/airflow/dags/example_xcom_dag.py
[2025-09-10T22:42:46.568+0800] INFO - logging_mixin.py:190 - _propagate_log() - [2025-09-10T22:42:46.568+0800] INFO - dag.py:3239 - bulk_write_to_db() - Sync 1 DAGs
[2025-09-10T22:42:46.579+0800] INFO - logging_mixin.py:190 - _propagate_log() - [2025-09-10T22:42:46.579+0800] INFO - dag.py:4180 - calculate_dagrun_date_fields() - Setting next_dagrun for example_xcom_coffee_shop_dag to None, run_after=None
[2025-09-10T22:42:46.595+0800] INFO - processor.py:208 - _run_file_processor() - Processing /opt/airflow/dags/example_xcom_dag.py took 0.067 seconds
[2025-09-10T22:43:16.835+0800] INFO - processor.py:186 - _handle_dag_file_processing() - Started process (PID=1026) to work on /opt/airflow/dags/example_xcom_dag.py
[2025-09-10T22:43:16.837+0800] INFO - processor.py:914 - process_file() - Processing file /opt/airflow/dags/example_xcom_dag.py for tasks to queue
[2025-09-10T22:43:16.838+0800] INFO - logging_mixin.py:190 - _propagate_log() - [2025-09-10T22:43:16.838+0800] INFO - dagbag.py:588 - collect_dags() - Filling up the DagBag from /opt/airflow/dags/example_xcom_dag.py
[2025-09-10T22:43:16.849+0800] INFO - processor.py:925 - process_file() - DAG(s) 'example_xcom_coffee_shop_dag' retrieved from /opt/airflow/dags/example_xcom_dag.py
[2025-09-10T22:43:16.870+0800] INFO - logging_mixin.py:190 - _propagate_log() - [2025-09-10T22:43:16.870+0800] INFO - dag.py:3239 - bulk_write_to_db() - Sync 1 DAGs
[2025-09-10T22:43:16.882+0800] INFO - logging_mixin.py:190 - _propagate_log() - [2025-09-10T22:43:16.881+0800] INFO - dag.py:4180 - calculate_dagrun_date_fields() - Setting next_dagrun for example_xcom_coffee_shop_dag to None, run_after=None
[2025-09-10T22:43:16.899+0800] INFO - processor.py:208 - _run_file_processor() - Processing /opt/airflow/dags/example_xcom_dag.py took 0.070 seconds
