[2025-09-10T22:37:10.341+0800] INFO - processor.py:186 - _handle_dag_file_processing() - Started process (PID=126) to work on /opt/airflow/dags/example_docker_operator_dag.py
[2025-09-10T22:37:10.343+0800] INFO - processor.py:914 - process_file() - Processing file /opt/airflow/dags/example_docker_operator_dag.py for tasks to queue
[2025-09-10T22:37:10.347+0800] INFO - logging_mixin.py:190 - _propagate_log() - [2025-09-10T22:37:10.346+0800] INFO - dagbag.py:588 - collect_dags() - Filling up the DagBag from /opt/airflow/dags/example_docker_operator_dag.py
[2025-09-10T22:37:10.390+0800] INFO - processor.py:925 - process_file() - DAG(s) 'example_docker_operator_dag' retrieved from /opt/airflow/dags/example_docker_operator_dag.py
[2025-09-10T22:37:10.438+0800] INFO - logging_mixin.py:190 - _propagate_log() - [2025-09-10T22:37:10.437+0800] INFO - dag.py:3239 - bulk_write_to_db() - Sync 1 DAGs
[2025-09-10T22:37:10.466+0800] INFO - logging_mixin.py:190 - _propagate_log() - [2025-09-10T22:37:10.466+0800] INFO - dag.py:4180 - calculate_dagrun_date_fields() - Setting next_dagrun for example_docker_operator_dag to None, run_after=None
[2025-09-10T22:37:10.501+0800] INFO - processor.py:208 - _run_file_processor() - Processing /opt/airflow/dags/example_docker_operator_dag.py took 0.170 seconds
[2025-09-10T22:37:40.744+0800] INFO - processor.py:186 - _handle_dag_file_processing() - Started process (PID=203) to work on /opt/airflow/dags/example_docker_operator_dag.py
[2025-09-10T22:37:40.745+0800] INFO - processor.py:914 - process_file() - Processing file /opt/airflow/dags/example_docker_operator_dag.py for tasks to queue
[2025-09-10T22:37:40.748+0800] INFO - logging_mixin.py:190 - _propagate_log() - [2025-09-10T22:37:40.748+0800] INFO - dagbag.py:588 - collect_dags() - Filling up the DagBag from /opt/airflow/dags/example_docker_operator_dag.py
[2025-09-10T22:37:40.765+0800] INFO - processor.py:925 - process_file() - DAG(s) 'example_docker_operator_dag' retrieved from /opt/airflow/dags/example_docker_operator_dag.py
[2025-09-10T22:37:40.795+0800] INFO - logging_mixin.py:190 - _propagate_log() - [2025-09-10T22:37:40.795+0800] INFO - dag.py:3239 - bulk_write_to_db() - Sync 1 DAGs
[2025-09-10T22:37:40.813+0800] INFO - logging_mixin.py:190 - _propagate_log() - [2025-09-10T22:37:40.813+0800] INFO - dag.py:4180 - calculate_dagrun_date_fields() - Setting next_dagrun for example_docker_operator_dag to None, run_after=None
[2025-09-10T22:37:40.845+0800] INFO - processor.py:208 - _run_file_processor() - Processing /opt/airflow/dags/example_docker_operator_dag.py took 0.110 seconds
[2025-09-10T22:38:11.752+0800] INFO - processor.py:186 - _handle_dag_file_processing() - Started process (PID=277) to work on /opt/airflow/dags/example_docker_operator_dag.py
[2025-09-10T22:38:11.754+0800] INFO - processor.py:914 - process_file() - Processing file /opt/airflow/dags/example_docker_operator_dag.py for tasks to queue
[2025-09-10T22:38:11.756+0800] INFO - logging_mixin.py:190 - _propagate_log() - [2025-09-10T22:38:11.755+0800] INFO - dagbag.py:588 - collect_dags() - Filling up the DagBag from /opt/airflow/dags/example_docker_operator_dag.py
[2025-09-10T22:38:11.772+0800] INFO - processor.py:925 - process_file() - DAG(s) 'example_docker_operator_dag' retrieved from /opt/airflow/dags/example_docker_operator_dag.py
[2025-09-10T22:38:11.802+0800] INFO - logging_mixin.py:190 - _propagate_log() - [2025-09-10T22:38:11.801+0800] INFO - dag.py:3239 - bulk_write_to_db() - Sync 1 DAGs
[2025-09-10T22:38:11.816+0800] INFO - logging_mixin.py:190 - _propagate_log() - [2025-09-10T22:38:11.816+0800] INFO - dag.py:4180 - calculate_dagrun_date_fields() - Setting next_dagrun for example_docker_operator_dag to None, run_after=None
[2025-09-10T22:38:11.938+0800] INFO - processor.py:208 - _run_file_processor() - Processing /opt/airflow/dags/example_docker_operator_dag.py took 0.193 seconds
[2025-09-10T22:38:42.421+0800] INFO - processor.py:186 - _handle_dag_file_processing() - Started process (PID=350) to work on /opt/airflow/dags/example_docker_operator_dag.py
[2025-09-10T22:38:42.422+0800] INFO - processor.py:914 - process_file() - Processing file /opt/airflow/dags/example_docker_operator_dag.py for tasks to queue
[2025-09-10T22:38:42.424+0800] INFO - logging_mixin.py:190 - _propagate_log() - [2025-09-10T22:38:42.423+0800] INFO - dagbag.py:588 - collect_dags() - Filling up the DagBag from /opt/airflow/dags/example_docker_operator_dag.py
[2025-09-10T22:38:42.440+0800] INFO - processor.py:925 - process_file() - DAG(s) 'example_docker_operator_dag' retrieved from /opt/airflow/dags/example_docker_operator_dag.py
[2025-09-10T22:38:42.466+0800] INFO - logging_mixin.py:190 - _propagate_log() - [2025-09-10T22:38:42.466+0800] INFO - dag.py:3239 - bulk_write_to_db() - Sync 1 DAGs
[2025-09-10T22:38:41.915+0800] INFO - logging_mixin.py:190 - _propagate_log() - [2025-09-10T22:38:41.914+0800] INFO - dag.py:4180 - calculate_dagrun_date_fields() - Setting next_dagrun for example_docker_operator_dag to None, run_after=None
[2025-09-10T22:38:41.934+0800] INFO - processor.py:208 - _run_file_processor() - Processing /opt/airflow/dags/example_docker_operator_dag.py took 0.209 seconds
[2025-09-10T22:39:12.006+0800] INFO - processor.py:186 - _handle_dag_file_processing() - Started process (PID=400) to work on /opt/airflow/dags/example_docker_operator_dag.py
[2025-09-10T22:39:12.008+0800] INFO - processor.py:914 - process_file() - Processing file /opt/airflow/dags/example_docker_operator_dag.py for tasks to queue
[2025-09-10T22:39:12.010+0800] INFO - logging_mixin.py:190 - _propagate_log() - [2025-09-10T22:39:12.010+0800] INFO - dagbag.py:588 - collect_dags() - Filling up the DagBag from /opt/airflow/dags/example_docker_operator_dag.py
[2025-09-10T22:39:12.147+0800] INFO - processor.py:925 - process_file() - DAG(s) 'example_docker_operator_dag' retrieved from /opt/airflow/dags/example_docker_operator_dag.py
[2025-09-10T22:39:12.170+0800] INFO - logging_mixin.py:190 - _propagate_log() - [2025-09-10T22:39:12.170+0800] INFO - dag.py:3239 - bulk_write_to_db() - Sync 1 DAGs
[2025-09-10T22:39:12.181+0800] INFO - logging_mixin.py:190 - _propagate_log() - [2025-09-10T22:39:12.181+0800] INFO - dag.py:4180 - calculate_dagrun_date_fields() - Setting next_dagrun for example_docker_operator_dag to None, run_after=None
[2025-09-10T22:39:12.202+0800] INFO - processor.py:208 - _run_file_processor() - Processing /opt/airflow/dags/example_docker_operator_dag.py took 0.203 seconds
[2025-09-10T22:39:42.924+0800] INFO - processor.py:186 - _handle_dag_file_processing() - Started process (PID=474) to work on /opt/airflow/dags/example_docker_operator_dag.py
[2025-09-10T22:39:42.928+0800] INFO - processor.py:914 - process_file() - Processing file /opt/airflow/dags/example_docker_operator_dag.py for tasks to queue
[2025-09-10T22:39:42.929+0800] INFO - logging_mixin.py:190 - _propagate_log() - [2025-09-10T22:39:42.929+0800] INFO - dagbag.py:588 - collect_dags() - Filling up the DagBag from /opt/airflow/dags/example_docker_operator_dag.py
[2025-09-10T22:39:42.953+0800] INFO - processor.py:925 - process_file() - DAG(s) 'example_docker_operator_dag' retrieved from /opt/airflow/dags/example_docker_operator_dag.py
[2025-09-10T22:39:42.984+0800] INFO - logging_mixin.py:190 - _propagate_log() - [2025-09-10T22:39:42.984+0800] INFO - dag.py:3239 - bulk_write_to_db() - Sync 1 DAGs
[2025-09-10T22:39:43.002+0800] INFO - logging_mixin.py:190 - _propagate_log() - [2025-09-10T22:39:43.002+0800] INFO - dag.py:4180 - calculate_dagrun_date_fields() - Setting next_dagrun for example_docker_operator_dag to None, run_after=None
[2025-09-10T22:39:43.027+0800] INFO - processor.py:208 - _run_file_processor() - Processing /opt/airflow/dags/example_docker_operator_dag.py took 0.113 seconds
[2025-09-10T22:40:13.208+0800] INFO - processor.py:186 - _handle_dag_file_processing() - Started process (PID=548) to work on /opt/airflow/dags/example_docker_operator_dag.py
[2025-09-10T22:40:13.210+0800] INFO - processor.py:914 - process_file() - Processing file /opt/airflow/dags/example_docker_operator_dag.py for tasks to queue
[2025-09-10T22:40:13.211+0800] INFO - logging_mixin.py:190 - _propagate_log() - [2025-09-10T22:40:13.211+0800] INFO - dagbag.py:588 - collect_dags() - Filling up the DagBag from /opt/airflow/dags/example_docker_operator_dag.py
[2025-09-10T22:40:13.228+0800] INFO - processor.py:925 - process_file() - DAG(s) 'example_docker_operator_dag' retrieved from /opt/airflow/dags/example_docker_operator_dag.py
[2025-09-10T22:40:13.257+0800] INFO - logging_mixin.py:190 - _propagate_log() - [2025-09-10T22:40:13.257+0800] INFO - dag.py:3239 - bulk_write_to_db() - Sync 1 DAGs
[2025-09-10T22:40:13.273+0800] INFO - logging_mixin.py:190 - _propagate_log() - [2025-09-10T22:40:13.272+0800] INFO - dag.py:4180 - calculate_dagrun_date_fields() - Setting next_dagrun for example_docker_operator_dag to None, run_after=None
[2025-09-10T22:40:13.297+0800] INFO - processor.py:208 - _run_file_processor() - Processing /opt/airflow/dags/example_docker_operator_dag.py took 0.097 seconds
[2025-09-10T22:40:43.533+0800] INFO - processor.py:186 - _handle_dag_file_processing() - Started process (PID=622) to work on /opt/airflow/dags/example_docker_operator_dag.py
[2025-09-10T22:40:43.536+0800] INFO - processor.py:914 - process_file() - Processing file /opt/airflow/dags/example_docker_operator_dag.py for tasks to queue
[2025-09-10T22:40:43.538+0800] INFO - logging_mixin.py:190 - _propagate_log() - [2025-09-10T22:40:43.537+0800] INFO - dagbag.py:588 - collect_dags() - Filling up the DagBag from /opt/airflow/dags/example_docker_operator_dag.py
[2025-09-10T22:40:43.556+0800] INFO - processor.py:925 - process_file() - DAG(s) 'example_docker_operator_dag' retrieved from /opt/airflow/dags/example_docker_operator_dag.py
[2025-09-10T22:40:43.586+0800] INFO - logging_mixin.py:190 - _propagate_log() - [2025-09-10T22:40:43.585+0800] INFO - dag.py:3239 - bulk_write_to_db() - Sync 1 DAGs
[2025-09-10T22:40:43.601+0800] INFO - logging_mixin.py:190 - _propagate_log() - [2025-09-10T22:40:43.601+0800] INFO - dag.py:4180 - calculate_dagrun_date_fields() - Setting next_dagrun for example_docker_operator_dag to None, run_after=None
[2025-09-10T22:40:43.626+0800] INFO - processor.py:208 - _run_file_processor() - Processing /opt/airflow/dags/example_docker_operator_dag.py took 0.101 seconds
[2025-09-10T22:41:13.881+0800] INFO - processor.py:186 - _handle_dag_file_processing() - Started process (PID=696) to work on /opt/airflow/dags/example_docker_operator_dag.py
[2025-09-10T22:41:13.883+0800] INFO - processor.py:914 - process_file() - Processing file /opt/airflow/dags/example_docker_operator_dag.py for tasks to queue
[2025-09-10T22:41:13.885+0800] INFO - logging_mixin.py:190 - _propagate_log() - [2025-09-10T22:41:13.885+0800] INFO - dagbag.py:588 - collect_dags() - Filling up the DagBag from /opt/airflow/dags/example_docker_operator_dag.py
[2025-09-10T22:41:13.903+0800] INFO - processor.py:925 - process_file() - DAG(s) 'example_docker_operator_dag' retrieved from /opt/airflow/dags/example_docker_operator_dag.py
[2025-09-10T22:41:13.931+0800] INFO - logging_mixin.py:190 - _propagate_log() - [2025-09-10T22:41:13.931+0800] INFO - dag.py:3239 - bulk_write_to_db() - Sync 1 DAGs
[2025-09-10T22:41:13.946+0800] INFO - logging_mixin.py:190 - _propagate_log() - [2025-09-10T22:41:13.945+0800] INFO - dag.py:4180 - calculate_dagrun_date_fields() - Setting next_dagrun for example_docker_operator_dag to None, run_after=None
[2025-09-10T22:41:13.971+0800] INFO - processor.py:208 - _run_file_processor() - Processing /opt/airflow/dags/example_docker_operator_dag.py took 0.098 seconds
[2025-09-10T22:41:44.208+0800] INFO - processor.py:186 - _handle_dag_file_processing() - Started process (PID=770) to work on /opt/airflow/dags/example_docker_operator_dag.py
[2025-09-10T22:41:44.209+0800] INFO - processor.py:914 - process_file() - Processing file /opt/airflow/dags/example_docker_operator_dag.py for tasks to queue
[2025-09-10T22:41:44.210+0800] INFO - logging_mixin.py:190 - _propagate_log() - [2025-09-10T22:41:44.210+0800] INFO - dagbag.py:588 - collect_dags() - Filling up the DagBag from /opt/airflow/dags/example_docker_operator_dag.py
[2025-09-10T22:41:44.229+0800] INFO - processor.py:925 - process_file() - DAG(s) 'example_docker_operator_dag' retrieved from /opt/airflow/dags/example_docker_operator_dag.py
[2025-09-10T22:41:44.259+0800] INFO - logging_mixin.py:190 - _propagate_log() - [2025-09-10T22:41:44.259+0800] INFO - dag.py:3239 - bulk_write_to_db() - Sync 1 DAGs
[2025-09-10T22:41:44.276+0800] INFO - logging_mixin.py:190 - _propagate_log() - [2025-09-10T22:41:44.276+0800] INFO - dag.py:4180 - calculate_dagrun_date_fields() - Setting next_dagrun for example_docker_operator_dag to None, run_after=None
[2025-09-10T22:41:44.304+0800] INFO - processor.py:208 - _run_file_processor() - Processing /opt/airflow/dags/example_docker_operator_dag.py took 0.104 seconds
[2025-09-10T22:42:14.650+0800] INFO - processor.py:186 - _handle_dag_file_processing() - Started process (PID=844) to work on /opt/airflow/dags/example_docker_operator_dag.py
[2025-09-10T22:42:14.652+0800] INFO - processor.py:914 - process_file() - Processing file /opt/airflow/dags/example_docker_operator_dag.py for tasks to queue
[2025-09-10T22:42:14.655+0800] INFO - logging_mixin.py:190 - _propagate_log() - [2025-09-10T22:42:14.655+0800] INFO - dagbag.py:588 - collect_dags() - Filling up the DagBag from /opt/airflow/dags/example_docker_operator_dag.py
[2025-09-10T22:42:14.673+0800] INFO - processor.py:925 - process_file() - DAG(s) 'example_docker_operator_dag' retrieved from /opt/airflow/dags/example_docker_operator_dag.py
[2025-09-10T22:42:14.703+0800] INFO - logging_mixin.py:190 - _propagate_log() - [2025-09-10T22:42:14.702+0800] INFO - dag.py:3239 - bulk_write_to_db() - Sync 1 DAGs
[2025-09-10T22:42:14.718+0800] INFO - logging_mixin.py:190 - _propagate_log() - [2025-09-10T22:42:14.718+0800] INFO - dag.py:4180 - calculate_dagrun_date_fields() - Setting next_dagrun for example_docker_operator_dag to None, run_after=None
[2025-09-10T22:42:14.744+0800] INFO - processor.py:208 - _run_file_processor() - Processing /opt/airflow/dags/example_docker_operator_dag.py took 0.103 seconds
[2025-09-10T22:42:45.057+0800] INFO - processor.py:186 - _handle_dag_file_processing() - Started process (PID=918) to work on /opt/airflow/dags/example_docker_operator_dag.py
[2025-09-10T22:42:45.058+0800] INFO - processor.py:914 - process_file() - Processing file /opt/airflow/dags/example_docker_operator_dag.py for tasks to queue
[2025-09-10T22:42:45.059+0800] INFO - logging_mixin.py:190 - _propagate_log() - [2025-09-10T22:42:45.059+0800] INFO - dagbag.py:588 - collect_dags() - Filling up the DagBag from /opt/airflow/dags/example_docker_operator_dag.py
[2025-09-10T22:42:45.074+0800] INFO - processor.py:925 - process_file() - DAG(s) 'example_docker_operator_dag' retrieved from /opt/airflow/dags/example_docker_operator_dag.py
[2025-09-10T22:42:45.102+0800] INFO - logging_mixin.py:190 - _propagate_log() - [2025-09-10T22:42:45.101+0800] INFO - dag.py:3239 - bulk_write_to_db() - Sync 1 DAGs
[2025-09-10T22:42:45.115+0800] INFO - logging_mixin.py:190 - _propagate_log() - [2025-09-10T22:42:45.115+0800] INFO - dag.py:4180 - calculate_dagrun_date_fields() - Setting next_dagrun for example_docker_operator_dag to None, run_after=None
[2025-09-10T22:42:45.141+0800] INFO - processor.py:208 - _run_file_processor() - Processing /opt/airflow/dags/example_docker_operator_dag.py took 0.093 seconds
[2025-09-10T22:43:15.326+0800] INFO - processor.py:186 - _handle_dag_file_processing() - Started process (PID=992) to work on /opt/airflow/dags/example_docker_operator_dag.py
[2025-09-10T22:43:15.353+0800] INFO - processor.py:914 - process_file() - Processing file /opt/airflow/dags/example_docker_operator_dag.py for tasks to queue
[2025-09-10T22:43:15.355+0800] INFO - logging_mixin.py:190 - _propagate_log() - [2025-09-10T22:43:15.355+0800] INFO - dagbag.py:588 - collect_dags() - Filling up the DagBag from /opt/airflow/dags/example_docker_operator_dag.py
[2025-09-10T22:43:15.370+0800] INFO - processor.py:925 - process_file() - DAG(s) 'example_docker_operator_dag' retrieved from /opt/airflow/dags/example_docker_operator_dag.py
[2025-09-10T22:43:15.398+0800] INFO - logging_mixin.py:190 - _propagate_log() - [2025-09-10T22:43:15.398+0800] INFO - dag.py:3239 - bulk_write_to_db() - Sync 1 DAGs
[2025-09-10T22:43:15.412+0800] INFO - logging_mixin.py:190 - _propagate_log() - [2025-09-10T22:43:15.412+0800] INFO - dag.py:4180 - calculate_dagrun_date_fields() - Setting next_dagrun for example_docker_operator_dag to None, run_after=None
[2025-09-10T22:43:15.437+0800] INFO - processor.py:208 - _run_file_processor() - Processing /opt/airflow/dags/example_docker_operator_dag.py took 0.119 seconds
