[2025-09-10T22:37:09.720+0800] INFO - processor.py:186 - _handle_dag_file_processing() - Started process (PID=116) to work on /opt/airflow/dags/example_branch_operator_dag.py
[2025-09-10T22:37:09.721+0800] INFO - processor.py:914 - process_file() - Processing file /opt/airflow/dags/example_branch_operator_dag.py for tasks to queue
[2025-09-10T22:37:09.724+0800] INFO - logging_mixin.py:190 - _propagate_log() - [2025-09-10T22:37:09.724+0800] INFO - dagbag.py:588 - collect_dags() - Filling up the DagBag from /opt/airflow/dags/example_branch_operator_dag.py
[2025-09-10T22:37:09.754+0800] INFO - processor.py:925 - process_file() - DAG(s) 'example_branch_operator_dag' retrieved from /opt/airflow/dags/example_branch_operator_dag.py
[2025-09-10T22:37:10.144+0800] INFO - logging_mixin.py:190 - _propagate_log() - [2025-09-10T22:37:10.143+0800] INFO - dag.py:3239 - bulk_write_to_db() - Sync 1 DAGs
[2025-09-10T22:37:10.165+0800] INFO - logging_mixin.py:190 - _propagate_log() - [2025-09-10T22:37:10.165+0800] INFO - dag.py:4180 - calculate_dagrun_date_fields() - Setting next_dagrun for example_branch_operator_dag to None, run_after=None
[2025-09-10T22:37:10.204+0800] INFO - processor.py:208 - _run_file_processor() - Processing /opt/airflow/dags/example_branch_operator_dag.py took 0.497 seconds
[2025-09-10T22:37:40.248+0800] INFO - processor.py:186 - _handle_dag_file_processing() - Started process (PID=186) to work on /opt/airflow/dags/example_branch_operator_dag.py
[2025-09-10T22:37:40.250+0800] INFO - processor.py:914 - process_file() - Processing file /opt/airflow/dags/example_branch_operator_dag.py for tasks to queue
[2025-09-10T22:37:40.255+0800] INFO - logging_mixin.py:190 - _propagate_log() - [2025-09-10T22:37:40.254+0800] INFO - dagbag.py:588 - collect_dags() - Filling up the DagBag from /opt/airflow/dags/example_branch_operator_dag.py
[2025-09-10T22:37:40.273+0800] INFO - processor.py:925 - process_file() - DAG(s) 'example_branch_operator_dag' retrieved from /opt/airflow/dags/example_branch_operator_dag.py
[2025-09-10T22:37:40.311+0800] INFO - logging_mixin.py:190 - _propagate_log() - [2025-09-10T22:37:40.311+0800] INFO - dag.py:3239 - bulk_write_to_db() - Sync 1 DAGs
[2025-09-10T22:37:40.328+0800] INFO - logging_mixin.py:190 - _propagate_log() - [2025-09-10T22:37:40.327+0800] INFO - dag.py:4180 - calculate_dagrun_date_fields() - Setting next_dagrun for example_branch_operator_dag to None, run_after=None
[2025-09-10T22:37:40.359+0800] INFO - processor.py:208 - _run_file_processor() - Processing /opt/airflow/dags/example_branch_operator_dag.py took 0.119 seconds
[2025-09-10T22:38:11.540+0800] INFO - processor.py:186 - _handle_dag_file_processing() - Started process (PID=267) to work on /opt/airflow/dags/example_branch_operator_dag.py
[2025-09-10T22:38:11.541+0800] INFO - processor.py:914 - process_file() - Processing file /opt/airflow/dags/example_branch_operator_dag.py for tasks to queue
[2025-09-10T22:38:11.542+0800] INFO - logging_mixin.py:190 - _propagate_log() - [2025-09-10T22:38:11.542+0800] INFO - dagbag.py:588 - collect_dags() - Filling up the DagBag from /opt/airflow/dags/example_branch_operator_dag.py
[2025-09-10T22:38:11.554+0800] INFO - processor.py:925 - process_file() - DAG(s) 'example_branch_operator_dag' retrieved from /opt/airflow/dags/example_branch_operator_dag.py
[2025-09-10T22:38:11.579+0800] INFO - logging_mixin.py:190 - _propagate_log() - [2025-09-10T22:38:11.579+0800] INFO - dag.py:3239 - bulk_write_to_db() - Sync 1 DAGs
[2025-09-10T22:38:11.593+0800] INFO - logging_mixin.py:190 - _propagate_log() - [2025-09-10T22:38:11.593+0800] INFO - dag.py:4180 - calculate_dagrun_date_fields() - Setting next_dagrun for example_branch_operator_dag to None, run_after=None
[2025-09-10T22:38:11.714+0800] INFO - processor.py:208 - _run_file_processor() - Processing /opt/airflow/dags/example_branch_operator_dag.py took 0.180 seconds
[2025-09-10T22:38:42.584+0800] INFO - processor.py:186 - _handle_dag_file_processing() - Started process (PID=341) to work on /opt/airflow/dags/example_branch_operator_dag.py
[2025-09-10T22:38:42.585+0800] INFO - processor.py:914 - process_file() - Processing file /opt/airflow/dags/example_branch_operator_dag.py for tasks to queue
[2025-09-10T22:38:42.587+0800] INFO - logging_mixin.py:190 - _propagate_log() - [2025-09-10T22:38:42.587+0800] INFO - dagbag.py:588 - collect_dags() - Filling up the DagBag from /opt/airflow/dags/example_branch_operator_dag.py
[2025-09-10T22:38:42.604+0800] INFO - processor.py:925 - process_file() - DAG(s) 'example_branch_operator_dag' retrieved from /opt/airflow/dags/example_branch_operator_dag.py
[2025-09-10T22:38:42.219+0800] INFO - logging_mixin.py:190 - _propagate_log() - [2025-09-10T22:38:42.634+0800] INFO - dag.py:3239 - bulk_write_to_db() - Sync 1 DAGs
[2025-09-10T22:38:42.357+0800] INFO - logging_mixin.py:190 - _propagate_log() - [2025-09-10T22:38:42.357+0800] INFO - dag.py:4180 - calculate_dagrun_date_fields() - Setting next_dagrun for example_branch_operator_dag to None, run_after=None
[2025-09-10T22:38:42.378+0800] INFO - processor.py:208 - _run_file_processor() - Processing /opt/airflow/dags/example_branch_operator_dag.py took 0.221 seconds
[2025-09-10T22:39:13.473+0800] INFO - processor.py:186 - _handle_dag_file_processing() - Started process (PID=425) to work on /opt/airflow/dags/example_branch_operator_dag.py
[2025-09-10T22:39:13.474+0800] INFO - processor.py:914 - process_file() - Processing file /opt/airflow/dags/example_branch_operator_dag.py for tasks to queue
[2025-09-10T22:39:13.475+0800] INFO - logging_mixin.py:190 - _propagate_log() - [2025-09-10T22:39:13.475+0800] INFO - dagbag.py:588 - collect_dags() - Filling up the DagBag from /opt/airflow/dags/example_branch_operator_dag.py
[2025-09-10T22:39:13.598+0800] INFO - processor.py:925 - process_file() - DAG(s) 'example_branch_operator_dag' retrieved from /opt/airflow/dags/example_branch_operator_dag.py
[2025-09-10T22:39:13.621+0800] INFO - logging_mixin.py:190 - _propagate_log() - [2025-09-10T22:39:13.621+0800] INFO - dag.py:3239 - bulk_write_to_db() - Sync 1 DAGs
[2025-09-10T22:39:13.633+0800] INFO - logging_mixin.py:190 - _propagate_log() - [2025-09-10T22:39:13.633+0800] INFO - dag.py:4180 - calculate_dagrun_date_fields() - Setting next_dagrun for example_branch_operator_dag to None, run_after=None
[2025-09-10T22:39:13.653+0800] INFO - processor.py:208 - _run_file_processor() - Processing /opt/airflow/dags/example_branch_operator_dag.py took 0.187 seconds
[2025-09-10T22:39:44.300+0800] INFO - processor.py:186 - _handle_dag_file_processing() - Started process (PID=499) to work on /opt/airflow/dags/example_branch_operator_dag.py
[2025-09-10T22:39:44.309+0800] INFO - processor.py:914 - process_file() - Processing file /opt/airflow/dags/example_branch_operator_dag.py for tasks to queue
[2025-09-10T22:39:44.310+0800] INFO - logging_mixin.py:190 - _propagate_log() - [2025-09-10T22:39:44.310+0800] INFO - dagbag.py:588 - collect_dags() - Filling up the DagBag from /opt/airflow/dags/example_branch_operator_dag.py
[2025-09-10T22:39:44.324+0800] INFO - processor.py:925 - process_file() - DAG(s) 'example_branch_operator_dag' retrieved from /opt/airflow/dags/example_branch_operator_dag.py
[2025-09-10T22:39:44.351+0800] INFO - logging_mixin.py:190 - _propagate_log() - [2025-09-10T22:39:44.350+0800] INFO - dag.py:3239 - bulk_write_to_db() - Sync 1 DAGs
[2025-09-10T22:39:44.366+0800] INFO - logging_mixin.py:190 - _propagate_log() - [2025-09-10T22:39:44.366+0800] INFO - dag.py:4180 - calculate_dagrun_date_fields() - Setting next_dagrun for example_branch_operator_dag to None, run_after=None
[2025-09-10T22:39:44.396+0800] INFO - processor.py:208 - _run_file_processor() - Processing /opt/airflow/dags/example_branch_operator_dag.py took 0.103 seconds
[2025-09-10T22:40:14.562+0800] INFO - processor.py:186 - _handle_dag_file_processing() - Started process (PID=573) to work on /opt/airflow/dags/example_branch_operator_dag.py
[2025-09-10T22:40:14.563+0800] INFO - processor.py:914 - process_file() - Processing file /opt/airflow/dags/example_branch_operator_dag.py for tasks to queue
[2025-09-10T22:40:14.564+0800] INFO - logging_mixin.py:190 - _propagate_log() - [2025-09-10T22:40:14.564+0800] INFO - dagbag.py:588 - collect_dags() - Filling up the DagBag from /opt/airflow/dags/example_branch_operator_dag.py
[2025-09-10T22:40:14.576+0800] INFO - processor.py:925 - process_file() - DAG(s) 'example_branch_operator_dag' retrieved from /opt/airflow/dags/example_branch_operator_dag.py
[2025-09-10T22:40:14.601+0800] INFO - logging_mixin.py:190 - _propagate_log() - [2025-09-10T22:40:14.601+0800] INFO - dag.py:3239 - bulk_write_to_db() - Sync 1 DAGs
[2025-09-10T22:40:14.615+0800] INFO - logging_mixin.py:190 - _propagate_log() - [2025-09-10T22:40:14.615+0800] INFO - dag.py:4180 - calculate_dagrun_date_fields() - Setting next_dagrun for example_branch_operator_dag to None, run_after=None
[2025-09-10T22:40:14.636+0800] INFO - processor.py:208 - _run_file_processor() - Processing /opt/airflow/dags/example_branch_operator_dag.py took 0.081 seconds
[2025-09-10T22:40:44.882+0800] INFO - processor.py:186 - _handle_dag_file_processing() - Started process (PID=647) to work on /opt/airflow/dags/example_branch_operator_dag.py
[2025-09-10T22:40:44.883+0800] INFO - processor.py:914 - process_file() - Processing file /opt/airflow/dags/example_branch_operator_dag.py for tasks to queue
[2025-09-10T22:40:44.885+0800] INFO - logging_mixin.py:190 - _propagate_log() - [2025-09-10T22:40:44.884+0800] INFO - dagbag.py:588 - collect_dags() - Filling up the DagBag from /opt/airflow/dags/example_branch_operator_dag.py
[2025-09-10T22:40:44.898+0800] INFO - processor.py:925 - process_file() - DAG(s) 'example_branch_operator_dag' retrieved from /opt/airflow/dags/example_branch_operator_dag.py
[2025-09-10T22:40:44.925+0800] INFO - logging_mixin.py:190 - _propagate_log() - [2025-09-10T22:40:44.925+0800] INFO - dag.py:3239 - bulk_write_to_db() - Sync 1 DAGs
[2025-09-10T22:40:44.939+0800] INFO - logging_mixin.py:190 - _propagate_log() - [2025-09-10T22:40:44.939+0800] INFO - dag.py:4180 - calculate_dagrun_date_fields() - Setting next_dagrun for example_branch_operator_dag to None, run_after=None
[2025-09-10T22:40:44.961+0800] INFO - processor.py:208 - _run_file_processor() - Processing /opt/airflow/dags/example_branch_operator_dag.py took 0.087 seconds
[2025-09-10T22:41:15.253+0800] INFO - processor.py:186 - _handle_dag_file_processing() - Started process (PID=721) to work on /opt/airflow/dags/example_branch_operator_dag.py
[2025-09-10T22:41:15.255+0800] INFO - processor.py:914 - process_file() - Processing file /opt/airflow/dags/example_branch_operator_dag.py for tasks to queue
[2025-09-10T22:41:15.256+0800] INFO - logging_mixin.py:190 - _propagate_log() - [2025-09-10T22:41:15.256+0800] INFO - dagbag.py:588 - collect_dags() - Filling up the DagBag from /opt/airflow/dags/example_branch_operator_dag.py
[2025-09-10T22:41:15.270+0800] INFO - processor.py:925 - process_file() - DAG(s) 'example_branch_operator_dag' retrieved from /opt/airflow/dags/example_branch_operator_dag.py
[2025-09-10T22:41:15.295+0800] INFO - logging_mixin.py:190 - _propagate_log() - [2025-09-10T22:41:15.295+0800] INFO - dag.py:3239 - bulk_write_to_db() - Sync 1 DAGs
[2025-09-10T22:41:15.310+0800] INFO - logging_mixin.py:190 - _propagate_log() - [2025-09-10T22:41:15.310+0800] INFO - dag.py:4180 - calculate_dagrun_date_fields() - Setting next_dagrun for example_branch_operator_dag to None, run_after=None
[2025-09-10T22:41:15.332+0800] INFO - processor.py:208 - _run_file_processor() - Processing /opt/airflow/dags/example_branch_operator_dag.py took 0.086 seconds
[2025-09-10T22:41:45.574+0800] INFO - processor.py:186 - _handle_dag_file_processing() - Started process (PID=795) to work on /opt/airflow/dags/example_branch_operator_dag.py
[2025-09-10T22:41:45.575+0800] INFO - processor.py:914 - process_file() - Processing file /opt/airflow/dags/example_branch_operator_dag.py for tasks to queue
[2025-09-10T22:41:45.577+0800] INFO - logging_mixin.py:190 - _propagate_log() - [2025-09-10T22:41:45.577+0800] INFO - dagbag.py:588 - collect_dags() - Filling up the DagBag from /opt/airflow/dags/example_branch_operator_dag.py
[2025-09-10T22:41:45.590+0800] INFO - processor.py:925 - process_file() - DAG(s) 'example_branch_operator_dag' retrieved from /opt/airflow/dags/example_branch_operator_dag.py
[2025-09-10T22:41:45.616+0800] INFO - logging_mixin.py:190 - _propagate_log() - [2025-09-10T22:41:45.616+0800] INFO - dag.py:3239 - bulk_write_to_db() - Sync 1 DAGs
[2025-09-10T22:41:45.631+0800] INFO - logging_mixin.py:190 - _propagate_log() - [2025-09-10T22:41:45.630+0800] INFO - dag.py:4180 - calculate_dagrun_date_fields() - Setting next_dagrun for example_branch_operator_dag to None, run_after=None
[2025-09-10T22:41:45.653+0800] INFO - processor.py:208 - _run_file_processor() - Processing /opt/airflow/dags/example_branch_operator_dag.py took 0.085 seconds
[2025-09-10T22:42:16.018+0800] INFO - processor.py:186 - _handle_dag_file_processing() - Started process (PID=869) to work on /opt/airflow/dags/example_branch_operator_dag.py
[2025-09-10T22:42:16.020+0800] INFO - processor.py:914 - process_file() - Processing file /opt/airflow/dags/example_branch_operator_dag.py for tasks to queue
[2025-09-10T22:42:16.021+0800] INFO - logging_mixin.py:190 - _propagate_log() - [2025-09-10T22:42:16.021+0800] INFO - dagbag.py:588 - collect_dags() - Filling up the DagBag from /opt/airflow/dags/example_branch_operator_dag.py
[2025-09-10T22:42:16.035+0800] INFO - processor.py:925 - process_file() - DAG(s) 'example_branch_operator_dag' retrieved from /opt/airflow/dags/example_branch_operator_dag.py
[2025-09-10T22:42:16.061+0800] INFO - logging_mixin.py:190 - _propagate_log() - [2025-09-10T22:42:16.060+0800] INFO - dag.py:3239 - bulk_write_to_db() - Sync 1 DAGs
[2025-09-10T22:42:16.075+0800] INFO - logging_mixin.py:190 - _propagate_log() - [2025-09-10T22:42:16.075+0800] INFO - dag.py:4180 - calculate_dagrun_date_fields() - Setting next_dagrun for example_branch_operator_dag to None, run_after=None
[2025-09-10T22:42:16.097+0800] INFO - processor.py:208 - _run_file_processor() - Processing /opt/airflow/dags/example_branch_operator_dag.py took 0.086 seconds
[2025-09-10T22:42:46.419+0800] INFO - processor.py:186 - _handle_dag_file_processing() - Started process (PID=943) to work on /opt/airflow/dags/example_branch_operator_dag.py
[2025-09-10T22:42:46.420+0800] INFO - processor.py:914 - process_file() - Processing file /opt/airflow/dags/example_branch_operator_dag.py for tasks to queue
[2025-09-10T22:42:46.422+0800] INFO - logging_mixin.py:190 - _propagate_log() - [2025-09-10T22:42:46.421+0800] INFO - dagbag.py:588 - collect_dags() - Filling up the DagBag from /opt/airflow/dags/example_branch_operator_dag.py
[2025-09-10T22:42:46.435+0800] INFO - processor.py:925 - process_file() - DAG(s) 'example_branch_operator_dag' retrieved from /opt/airflow/dags/example_branch_operator_dag.py
[2025-09-10T22:42:46.462+0800] INFO - logging_mixin.py:190 - _propagate_log() - [2025-09-10T22:42:46.462+0800] INFO - dag.py:3239 - bulk_write_to_db() - Sync 1 DAGs
[2025-09-10T22:42:46.476+0800] INFO - logging_mixin.py:190 - _propagate_log() - [2025-09-10T22:42:46.476+0800] INFO - dag.py:4180 - calculate_dagrun_date_fields() - Setting next_dagrun for example_branch_operator_dag to None, run_after=None
[2025-09-10T22:42:46.496+0800] INFO - processor.py:208 - _run_file_processor() - Processing /opt/airflow/dags/example_branch_operator_dag.py took 0.084 seconds
[2025-09-10T22:43:16.712+0800] INFO - processor.py:186 - _handle_dag_file_processing() - Started process (PID=1017) to work on /opt/airflow/dags/example_branch_operator_dag.py
[2025-09-10T22:43:16.713+0800] INFO - processor.py:914 - process_file() - Processing file /opt/airflow/dags/example_branch_operator_dag.py for tasks to queue
[2025-09-10T22:43:16.715+0800] INFO - logging_mixin.py:190 - _propagate_log() - [2025-09-10T22:43:16.714+0800] INFO - dagbag.py:588 - collect_dags() - Filling up the DagBag from /opt/airflow/dags/example_branch_operator_dag.py
[2025-09-10T22:43:16.729+0800] INFO - processor.py:925 - process_file() - DAG(s) 'example_branch_operator_dag' retrieved from /opt/airflow/dags/example_branch_operator_dag.py
[2025-09-10T22:43:16.756+0800] INFO - logging_mixin.py:190 - _propagate_log() - [2025-09-10T22:43:16.755+0800] INFO - dag.py:3239 - bulk_write_to_db() - Sync 1 DAGs
[2025-09-10T22:43:16.771+0800] INFO - logging_mixin.py:190 - _propagate_log() - [2025-09-10T22:43:16.771+0800] INFO - dag.py:4180 - calculate_dagrun_date_fields() - Setting next_dagrun for example_branch_operator_dag to None, run_after=None
[2025-09-10T22:43:16.798+0800] INFO - processor.py:208 - _run_file_processor() - Processing /opt/airflow/dags/example_branch_operator_dag.py took 0.093 seconds
