[2025-09-10T22:37:10.266+0800] INFO - processor.py:186 - _handle_dag_file_processing() - Started process (PID=121) to work on /opt/airflow/dags/example_parallel_dag.py
[2025-09-10T22:37:10.268+0800] INFO - processor.py:914 - process_file() - Processing file /opt/airflow/dags/example_parallel_dag.py for tasks to queue
[2025-09-10T22:37:10.272+0800] INFO - logging_mixin.py:190 - _propagate_log() - [2025-09-10T22:37:10.271+0800] INFO - dagbag.py:588 - collect_dags() - Filling up the DagBag from /opt/airflow/dags/example_parallel_dag.py
[2025-09-10T22:37:10.314+0800] INFO - processor.py:925 - process_file() - DAG(s) 'example_parallel_dag' retrieved from /opt/airflow/dags/example_parallel_dag.py
[2025-09-10T22:37:10.364+0800] INFO - logging_mixin.py:190 - _propagate_log() - [2025-09-10T22:37:10.363+0800] INFO - dag.py:3239 - bulk_write_to_db() - Sync 1 DAGs
[2025-09-10T22:37:10.414+0800] INFO - logging_mixin.py:190 - _propagate_log() - [2025-09-10T22:37:10.414+0800] INFO - dag.py:4180 - calculate_dagrun_date_fields() - Setting next_dagrun for example_parallel_dag to 2025-09-10 13:00:00+00:00, run_after=2025-09-10 14:00:00+00:00
[2025-09-10T22:37:10.452+0800] INFO - processor.py:208 - _run_file_processor() - Processing /opt/airflow/dags/example_parallel_dag.py took 0.199 seconds
[2025-09-10T22:37:40.516+0800] INFO - processor.py:186 - _handle_dag_file_processing() - Started process (PID=198) to work on /opt/airflow/dags/example_parallel_dag.py
[2025-09-10T22:37:40.518+0800] INFO - processor.py:914 - process_file() - Processing file /opt/airflow/dags/example_parallel_dag.py for tasks to queue
[2025-09-10T22:37:40.520+0800] INFO - logging_mixin.py:190 - _propagate_log() - [2025-09-10T22:37:40.519+0800] INFO - dagbag.py:588 - collect_dags() - Filling up the DagBag from /opt/airflow/dags/example_parallel_dag.py
[2025-09-10T22:37:40.535+0800] INFO - processor.py:925 - process_file() - DAG(s) 'example_parallel_dag' retrieved from /opt/airflow/dags/example_parallel_dag.py
[2025-09-10T22:37:40.559+0800] INFO - logging_mixin.py:190 - _propagate_log() - [2025-09-10T22:37:40.558+0800] INFO - dag.py:3239 - bulk_write_to_db() - Sync 1 DAGs
[2025-09-10T22:37:40.579+0800] INFO - logging_mixin.py:190 - _propagate_log() - [2025-09-10T22:37:40.579+0800] INFO - dag.py:4180 - calculate_dagrun_date_fields() - Setting next_dagrun for example_parallel_dag to 2025-09-10 13:00:00+00:00, run_after=2025-09-10 14:00:00+00:00
[2025-09-10T22:37:40.701+0800] INFO - processor.py:208 - _run_file_processor() - Processing /opt/airflow/dags/example_parallel_dag.py took 0.193 seconds
[2025-09-10T22:38:11.544+0800] INFO - processor.py:186 - _handle_dag_file_processing() - Started process (PID=269) to work on /opt/airflow/dags/example_parallel_dag.py
[2025-09-10T22:38:11.546+0800] INFO - processor.py:914 - process_file() - Processing file /opt/airflow/dags/example_parallel_dag.py for tasks to queue
[2025-09-10T22:38:11.547+0800] INFO - logging_mixin.py:190 - _propagate_log() - [2025-09-10T22:38:11.546+0800] INFO - dagbag.py:588 - collect_dags() - Filling up the DagBag from /opt/airflow/dags/example_parallel_dag.py
[2025-09-10T22:38:11.562+0800] INFO - processor.py:925 - process_file() - DAG(s) 'example_parallel_dag' retrieved from /opt/airflow/dags/example_parallel_dag.py
[2025-09-10T22:38:11.588+0800] INFO - logging_mixin.py:190 - _propagate_log() - [2025-09-10T22:38:11.588+0800] INFO - dag.py:3239 - bulk_write_to_db() - Sync 1 DAGs
[2025-09-10T22:38:11.708+0800] INFO - logging_mixin.py:190 - _propagate_log() - [2025-09-10T22:38:11.707+0800] INFO - dag.py:4180 - calculate_dagrun_date_fields() - Setting next_dagrun for example_parallel_dag to 2025-09-10 13:00:00+00:00, run_after=2025-09-10 14:00:00+00:00
[2025-09-10T22:38:11.726+0800] INFO - processor.py:208 - _run_file_processor() - Processing /opt/airflow/dags/example_parallel_dag.py took 0.189 seconds
[2025-09-10T22:38:42.593+0800] INFO - processor.py:186 - _handle_dag_file_processing() - Started process (PID=344) to work on /opt/airflow/dags/example_parallel_dag.py
[2025-09-10T22:38:42.595+0800] INFO - processor.py:914 - process_file() - Processing file /opt/airflow/dags/example_parallel_dag.py for tasks to queue
[2025-09-10T22:38:42.597+0800] INFO - logging_mixin.py:190 - _propagate_log() - [2025-09-10T22:38:42.596+0800] INFO - dagbag.py:588 - collect_dags() - Filling up the DagBag from /opt/airflow/dags/example_parallel_dag.py
[2025-09-10T22:38:42.615+0800] INFO - processor.py:925 - process_file() - DAG(s) 'example_parallel_dag' retrieved from /opt/airflow/dags/example_parallel_dag.py
[2025-09-10T22:38:42.357+0800] INFO - logging_mixin.py:190 - _propagate_log() - [2025-09-10T22:38:42.356+0800] INFO - dag.py:3239 - bulk_write_to_db() - Sync 1 DAGs
[2025-09-10T22:38:42.376+0800] INFO - logging_mixin.py:190 - _propagate_log() - [2025-09-10T22:38:42.376+0800] INFO - dag.py:4180 - calculate_dagrun_date_fields() - Setting next_dagrun for example_parallel_dag to 2025-09-10 13:00:00+00:00, run_after=2025-09-10 14:00:00+00:00
[2025-09-10T22:38:42.402+0800] INFO - processor.py:208 - _run_file_processor() - Processing /opt/airflow/dags/example_parallel_dag.py took 0.234 seconds
[2025-09-10T22:39:13.480+0800] INFO - processor.py:186 - _handle_dag_file_processing() - Started process (PID=428) to work on /opt/airflow/dags/example_parallel_dag.py
[2025-09-10T22:39:13.481+0800] INFO - processor.py:914 - process_file() - Processing file /opt/airflow/dags/example_parallel_dag.py for tasks to queue
[2025-09-10T22:39:13.483+0800] INFO - logging_mixin.py:190 - _propagate_log() - [2025-09-10T22:39:13.482+0800] INFO - dagbag.py:588 - collect_dags() - Filling up the DagBag from /opt/airflow/dags/example_parallel_dag.py
[2025-09-10T22:39:13.605+0800] INFO - processor.py:925 - process_file() - DAG(s) 'example_parallel_dag' retrieved from /opt/airflow/dags/example_parallel_dag.py
[2025-09-10T22:39:13.630+0800] INFO - logging_mixin.py:190 - _propagate_log() - [2025-09-10T22:39:13.630+0800] INFO - dag.py:3239 - bulk_write_to_db() - Sync 1 DAGs
[2025-09-10T22:39:13.650+0800] INFO - logging_mixin.py:190 - _propagate_log() - [2025-09-10T22:39:13.650+0800] INFO - dag.py:4180 - calculate_dagrun_date_fields() - Setting next_dagrun for example_parallel_dag to 2025-09-10 13:00:00+00:00, run_after=2025-09-10 14:00:00+00:00
[2025-09-10T22:39:13.670+0800] INFO - processor.py:208 - _run_file_processor() - Processing /opt/airflow/dags/example_parallel_dag.py took 0.197 seconds
[2025-09-10T22:39:44.305+0800] INFO - processor.py:186 - _handle_dag_file_processing() - Started process (PID=502) to work on /opt/airflow/dags/example_parallel_dag.py
[2025-09-10T22:39:44.309+0800] INFO - processor.py:914 - process_file() - Processing file /opt/airflow/dags/example_parallel_dag.py for tasks to queue
[2025-09-10T22:39:44.310+0800] INFO - logging_mixin.py:190 - _propagate_log() - [2025-09-10T22:39:44.310+0800] INFO - dagbag.py:588 - collect_dags() - Filling up the DagBag from /opt/airflow/dags/example_parallel_dag.py
[2025-09-10T22:39:44.327+0800] INFO - processor.py:925 - process_file() - DAG(s) 'example_parallel_dag' retrieved from /opt/airflow/dags/example_parallel_dag.py
[2025-09-10T22:39:44.354+0800] INFO - logging_mixin.py:190 - _propagate_log() - [2025-09-10T22:39:44.353+0800] INFO - dag.py:3239 - bulk_write_to_db() - Sync 1 DAGs
[2025-09-10T22:39:44.379+0800] INFO - logging_mixin.py:190 - _propagate_log() - [2025-09-10T22:39:44.379+0800] INFO - dag.py:4180 - calculate_dagrun_date_fields() - Setting next_dagrun for example_parallel_dag to 2025-09-10 13:00:00+00:00, run_after=2025-09-10 14:00:00+00:00
[2025-09-10T22:39:44.412+0800] INFO - processor.py:208 - _run_file_processor() - Processing /opt/airflow/dags/example_parallel_dag.py took 0.113 seconds
[2025-09-10T22:40:14.569+0800] INFO - processor.py:186 - _handle_dag_file_processing() - Started process (PID=576) to work on /opt/airflow/dags/example_parallel_dag.py
[2025-09-10T22:40:14.570+0800] INFO - processor.py:914 - process_file() - Processing file /opt/airflow/dags/example_parallel_dag.py for tasks to queue
[2025-09-10T22:40:14.571+0800] INFO - logging_mixin.py:190 - _propagate_log() - [2025-09-10T22:40:14.571+0800] INFO - dagbag.py:588 - collect_dags() - Filling up the DagBag from /opt/airflow/dags/example_parallel_dag.py
[2025-09-10T22:40:14.588+0800] INFO - processor.py:925 - process_file() - DAG(s) 'example_parallel_dag' retrieved from /opt/airflow/dags/example_parallel_dag.py
[2025-09-10T22:40:14.615+0800] INFO - logging_mixin.py:190 - _propagate_log() - [2025-09-10T22:40:14.615+0800] INFO - dag.py:3239 - bulk_write_to_db() - Sync 1 DAGs
[2025-09-10T22:40:14.637+0800] INFO - logging_mixin.py:190 - _propagate_log() - [2025-09-10T22:40:14.637+0800] INFO - dag.py:4180 - calculate_dagrun_date_fields() - Setting next_dagrun for example_parallel_dag to 2025-09-10 13:00:00+00:00, run_after=2025-09-10 14:00:00+00:00
[2025-09-10T22:40:14.657+0800] INFO - processor.py:208 - _run_file_processor() - Processing /opt/airflow/dags/example_parallel_dag.py took 0.094 seconds
[2025-09-10T22:40:44.889+0800] INFO - processor.py:186 - _handle_dag_file_processing() - Started process (PID=650) to work on /opt/airflow/dags/example_parallel_dag.py
[2025-09-10T22:40:44.891+0800] INFO - processor.py:914 - process_file() - Processing file /opt/airflow/dags/example_parallel_dag.py for tasks to queue
[2025-09-10T22:40:44.892+0800] INFO - logging_mixin.py:190 - _propagate_log() - [2025-09-10T22:40:44.892+0800] INFO - dagbag.py:588 - collect_dags() - Filling up the DagBag from /opt/airflow/dags/example_parallel_dag.py
[2025-09-10T22:40:44.909+0800] INFO - processor.py:925 - process_file() - DAG(s) 'example_parallel_dag' retrieved from /opt/airflow/dags/example_parallel_dag.py
[2025-09-10T22:40:44.938+0800] INFO - logging_mixin.py:190 - _propagate_log() - [2025-09-10T22:40:44.937+0800] INFO - dag.py:3239 - bulk_write_to_db() - Sync 1 DAGs
[2025-09-10T22:40:44.961+0800] INFO - logging_mixin.py:190 - _propagate_log() - [2025-09-10T22:40:44.960+0800] INFO - dag.py:4180 - calculate_dagrun_date_fields() - Setting next_dagrun for example_parallel_dag to 2025-09-10 13:00:00+00:00, run_after=2025-09-10 14:00:00+00:00
[2025-09-10T22:40:44.982+0800] INFO - processor.py:208 - _run_file_processor() - Processing /opt/airflow/dags/example_parallel_dag.py took 0.099 seconds
[2025-09-10T22:41:15.259+0800] INFO - processor.py:186 - _handle_dag_file_processing() - Started process (PID=724) to work on /opt/airflow/dags/example_parallel_dag.py
[2025-09-10T22:41:15.260+0800] INFO - processor.py:914 - process_file() - Processing file /opt/airflow/dags/example_parallel_dag.py for tasks to queue
[2025-09-10T22:41:15.261+0800] INFO - logging_mixin.py:190 - _propagate_log() - [2025-09-10T22:41:15.261+0800] INFO - dagbag.py:588 - collect_dags() - Filling up the DagBag from /opt/airflow/dags/example_parallel_dag.py
[2025-09-10T22:41:15.280+0800] INFO - processor.py:925 - process_file() - DAG(s) 'example_parallel_dag' retrieved from /opt/airflow/dags/example_parallel_dag.py
[2025-09-10T22:41:15.307+0800] INFO - logging_mixin.py:190 - _propagate_log() - [2025-09-10T22:41:15.307+0800] INFO - dag.py:3239 - bulk_write_to_db() - Sync 1 DAGs
[2025-09-10T22:41:15.329+0800] INFO - logging_mixin.py:190 - _propagate_log() - [2025-09-10T22:41:15.329+0800] INFO - dag.py:4180 - calculate_dagrun_date_fields() - Setting next_dagrun for example_parallel_dag to 2025-09-10 13:00:00+00:00, run_after=2025-09-10 14:00:00+00:00
[2025-09-10T22:41:15.352+0800] INFO - processor.py:208 - _run_file_processor() - Processing /opt/airflow/dags/example_parallel_dag.py took 0.100 seconds
[2025-09-10T22:41:45.580+0800] INFO - processor.py:186 - _handle_dag_file_processing() - Started process (PID=798) to work on /opt/airflow/dags/example_parallel_dag.py
[2025-09-10T22:41:45.581+0800] INFO - processor.py:914 - process_file() - Processing file /opt/airflow/dags/example_parallel_dag.py for tasks to queue
[2025-09-10T22:41:45.582+0800] INFO - logging_mixin.py:190 - _propagate_log() - [2025-09-10T22:41:45.582+0800] INFO - dagbag.py:588 - collect_dags() - Filling up the DagBag from /opt/airflow/dags/example_parallel_dag.py
[2025-09-10T22:41:45.597+0800] INFO - processor.py:925 - process_file() - DAG(s) 'example_parallel_dag' retrieved from /opt/airflow/dags/example_parallel_dag.py
[2025-09-10T22:41:45.625+0800] INFO - logging_mixin.py:190 - _propagate_log() - [2025-09-10T22:41:45.625+0800] INFO - dag.py:3239 - bulk_write_to_db() - Sync 1 DAGs
[2025-09-10T22:41:45.647+0800] INFO - logging_mixin.py:190 - _propagate_log() - [2025-09-10T22:41:45.647+0800] INFO - dag.py:4180 - calculate_dagrun_date_fields() - Setting next_dagrun for example_parallel_dag to 2025-09-10 13:00:00+00:00, run_after=2025-09-10 14:00:00+00:00
[2025-09-10T22:41:45.668+0800] INFO - processor.py:208 - _run_file_processor() - Processing /opt/airflow/dags/example_parallel_dag.py took 0.095 seconds
[2025-09-10T22:42:16.025+0800] INFO - processor.py:186 - _handle_dag_file_processing() - Started process (PID=872) to work on /opt/airflow/dags/example_parallel_dag.py
[2025-09-10T22:42:16.027+0800] INFO - processor.py:914 - process_file() - Processing file /opt/airflow/dags/example_parallel_dag.py for tasks to queue
[2025-09-10T22:42:16.028+0800] INFO - logging_mixin.py:190 - _propagate_log() - [2025-09-10T22:42:16.028+0800] INFO - dagbag.py:588 - collect_dags() - Filling up the DagBag from /opt/airflow/dags/example_parallel_dag.py
[2025-09-10T22:42:16.045+0800] INFO - processor.py:925 - process_file() - DAG(s) 'example_parallel_dag' retrieved from /opt/airflow/dags/example_parallel_dag.py
[2025-09-10T22:42:16.071+0800] INFO - logging_mixin.py:190 - _propagate_log() - [2025-09-10T22:42:16.071+0800] INFO - dag.py:3239 - bulk_write_to_db() - Sync 1 DAGs
[2025-09-10T22:42:16.093+0800] INFO - logging_mixin.py:190 - _propagate_log() - [2025-09-10T22:42:16.093+0800] INFO - dag.py:4180 - calculate_dagrun_date_fields() - Setting next_dagrun for example_parallel_dag to 2025-09-10 13:00:00+00:00, run_after=2025-09-10 14:00:00+00:00
[2025-09-10T22:42:16.114+0800] INFO - processor.py:208 - _run_file_processor() - Processing /opt/airflow/dags/example_parallel_dag.py took 0.095 seconds
[2025-09-10T22:42:46.425+0800] INFO - processor.py:186 - _handle_dag_file_processing() - Started process (PID=946) to work on /opt/airflow/dags/example_parallel_dag.py
[2025-09-10T22:42:46.426+0800] INFO - processor.py:914 - process_file() - Processing file /opt/airflow/dags/example_parallel_dag.py for tasks to queue
[2025-09-10T22:42:46.427+0800] INFO - logging_mixin.py:190 - _propagate_log() - [2025-09-10T22:42:46.426+0800] INFO - dagbag.py:588 - collect_dags() - Filling up the DagBag from /opt/airflow/dags/example_parallel_dag.py
[2025-09-10T22:42:46.442+0800] INFO - processor.py:925 - process_file() - DAG(s) 'example_parallel_dag' retrieved from /opt/airflow/dags/example_parallel_dag.py
[2025-09-10T22:42:46.468+0800] INFO - logging_mixin.py:190 - _propagate_log() - [2025-09-10T22:42:46.468+0800] INFO - dag.py:3239 - bulk_write_to_db() - Sync 1 DAGs
[2025-09-10T22:42:46.490+0800] INFO - logging_mixin.py:190 - _propagate_log() - [2025-09-10T22:42:46.490+0800] INFO - dag.py:4180 - calculate_dagrun_date_fields() - Setting next_dagrun for example_parallel_dag to 2025-09-10 13:00:00+00:00, run_after=2025-09-10 14:00:00+00:00
[2025-09-10T22:42:46.513+0800] INFO - processor.py:208 - _run_file_processor() - Processing /opt/airflow/dags/example_parallel_dag.py took 0.095 seconds
[2025-09-10T22:43:16.717+0800] INFO - processor.py:186 - _handle_dag_file_processing() - Started process (PID=1020) to work on /opt/airflow/dags/example_parallel_dag.py
[2025-09-10T22:43:16.718+0800] INFO - processor.py:914 - process_file() - Processing file /opt/airflow/dags/example_parallel_dag.py for tasks to queue
[2025-09-10T22:43:16.720+0800] INFO - logging_mixin.py:190 - _propagate_log() - [2025-09-10T22:43:16.719+0800] INFO - dagbag.py:588 - collect_dags() - Filling up the DagBag from /opt/airflow/dags/example_parallel_dag.py
[2025-09-10T22:43:16.736+0800] INFO - processor.py:925 - process_file() - DAG(s) 'example_parallel_dag' retrieved from /opt/airflow/dags/example_parallel_dag.py
[2025-09-10T22:43:16.765+0800] INFO - logging_mixin.py:190 - _propagate_log() - [2025-09-10T22:43:16.764+0800] INFO - dag.py:3239 - bulk_write_to_db() - Sync 1 DAGs
[2025-09-10T22:43:16.792+0800] INFO - logging_mixin.py:190 - _propagate_log() - [2025-09-10T22:43:16.792+0800] INFO - dag.py:4180 - calculate_dagrun_date_fields() - Setting next_dagrun for example_parallel_dag to 2025-09-10 13:00:00+00:00, run_after=2025-09-10 14:00:00+00:00
[2025-09-10T22:43:16.816+0800] INFO - processor.py:208 - _run_file_processor() - Processing /opt/airflow/dags/example_parallel_dag.py took 0.105 seconds
