[2025-09-10T22:37:09.157+0800] INFO - processor.py:186 - _handle_dag_file_processing() - Started process (PID=90) to work on /opt/airflow/dags/example_trigger_dag_operator_dag.py
[2025-09-10T22:37:09.159+0800] INFO - processor.py:914 - process_file() - Processing file /opt/airflow/dags/example_trigger_dag_operator_dag.py for tasks to queue
[2025-09-10T22:37:09.165+0800] INFO - logging_mixin.py:190 - _propagate_log() - [2025-09-10T22:37:09.164+0800] INFO - dagbag.py:588 - collect_dags() - Filling up the DagBag from /opt/airflow/dags/example_trigger_dag_operator_dag.py
[2025-09-10T22:37:09.199+0800] INFO - processor.py:925 - process_file() - DAG(s) 'example_trigger_main_dag', 'example_triggered_data_processing_dag' retrieved from /opt/airflow/dags/example_trigger_dag_operator_dag.py
[2025-09-10T22:37:09.270+0800] INFO - logging_mixin.py:190 - _propagate_log() - [2025-09-10T22:37:09.269+0800] INFO - dag.py:3239 - bulk_write_to_db() - Sync 2 DAGs
[2025-09-10T22:37:09.315+0800] INFO - logging_mixin.py:190 - _propagate_log() - [2025-09-10T22:37:09.315+0800] INFO - dag.py:4180 - calculate_dagrun_date_fields() - Setting next_dagrun for example_trigger_main_dag to None, run_after=None
[2025-09-10T22:37:09.324+0800] INFO - logging_mixin.py:190 - _propagate_log() - [2025-09-10T22:37:09.323+0800] INFO - dag.py:4180 - calculate_dagrun_date_fields() - Setting next_dagrun for example_triggered_data_processing_dag to None, run_after=None
[2025-09-10T22:37:09.361+0800] INFO - processor.py:208 - _run_file_processor() - Processing /opt/airflow/dags/example_trigger_dag_operator_dag.py took 0.221 seconds
[2025-09-10T22:37:40.102+0800] INFO - processor.py:186 - _handle_dag_file_processing() - Started process (PID=178) to work on /opt/airflow/dags/example_trigger_dag_operator_dag.py
[2025-09-10T22:37:40.105+0800] INFO - processor.py:914 - process_file() - Processing file /opt/airflow/dags/example_trigger_dag_operator_dag.py for tasks to queue
[2025-09-10T22:37:40.107+0800] INFO - logging_mixin.py:190 - _propagate_log() - [2025-09-10T22:37:40.107+0800] INFO - dagbag.py:588 - collect_dags() - Filling up the DagBag from /opt/airflow/dags/example_trigger_dag_operator_dag.py
[2025-09-10T22:37:40.122+0800] INFO - processor.py:925 - process_file() - DAG(s) 'example_trigger_main_dag', 'example_triggered_data_processing_dag' retrieved from /opt/airflow/dags/example_trigger_dag_operator_dag.py
[2025-09-10T22:37:40.162+0800] INFO - logging_mixin.py:190 - _propagate_log() - [2025-09-10T22:37:40.162+0800] INFO - dag.py:3239 - bulk_write_to_db() - Sync 2 DAGs
[2025-09-10T22:37:40.179+0800] INFO - logging_mixin.py:190 - _propagate_log() - [2025-09-10T22:37:40.179+0800] INFO - dag.py:4180 - calculate_dagrun_date_fields() - Setting next_dagrun for example_trigger_main_dag to None, run_after=None
[2025-09-10T22:37:40.185+0800] INFO - logging_mixin.py:190 - _propagate_log() - [2025-09-10T22:37:40.184+0800] INFO - dag.py:4180 - calculate_dagrun_date_fields() - Setting next_dagrun for example_triggered_data_processing_dag to None, run_after=None
[2025-09-10T22:37:40.211+0800] INFO - processor.py:208 - _run_file_processor() - Processing /opt/airflow/dags/example_trigger_dag_operator_dag.py took 0.119 seconds
[2025-09-10T22:38:11.087+0800] INFO - processor.py:186 - _handle_dag_file_processing() - Started process (PID=252) to work on /opt/airflow/dags/example_trigger_dag_operator_dag.py
[2025-09-10T22:38:11.093+0800] INFO - processor.py:914 - process_file() - Processing file /opt/airflow/dags/example_trigger_dag_operator_dag.py for tasks to queue
[2025-09-10T22:38:11.095+0800] INFO - logging_mixin.py:190 - _propagate_log() - [2025-09-10T22:38:11.094+0800] INFO - dagbag.py:588 - collect_dags() - Filling up the DagBag from /opt/airflow/dags/example_trigger_dag_operator_dag.py
[2025-09-10T22:38:11.108+0800] INFO - processor.py:925 - process_file() - DAG(s) 'example_triggered_data_processing_dag', 'example_trigger_main_dag' retrieved from /opt/airflow/dags/example_trigger_dag_operator_dag.py
[2025-09-10T22:38:11.142+0800] INFO - logging_mixin.py:190 - _propagate_log() - [2025-09-10T22:38:11.141+0800] INFO - dag.py:3239 - bulk_write_to_db() - Sync 2 DAGs
[2025-09-10T22:38:11.158+0800] INFO - logging_mixin.py:190 - _propagate_log() - [2025-09-10T22:38:11.158+0800] INFO - dag.py:4180 - calculate_dagrun_date_fields() - Setting next_dagrun for example_trigger_main_dag to None, run_after=None
[2025-09-10T22:38:11.162+0800] INFO - logging_mixin.py:190 - _propagate_log() - [2025-09-10T22:38:11.162+0800] INFO - dag.py:4180 - calculate_dagrun_date_fields() - Setting next_dagrun for example_triggered_data_processing_dag to None, run_after=None
[2025-09-10T22:38:11.309+0800] INFO - processor.py:208 - _run_file_processor() - Processing /opt/airflow/dags/example_trigger_dag_operator_dag.py took 0.231 seconds
[2025-09-10T22:38:42.075+0800] INFO - processor.py:186 - _handle_dag_file_processing() - Started process (PID=326) to work on /opt/airflow/dags/example_trigger_dag_operator_dag.py
[2025-09-10T22:38:42.077+0800] INFO - processor.py:914 - process_file() - Processing file /opt/airflow/dags/example_trigger_dag_operator_dag.py for tasks to queue
[2025-09-10T22:38:42.080+0800] INFO - logging_mixin.py:190 - _propagate_log() - [2025-09-10T22:38:42.079+0800] INFO - dagbag.py:588 - collect_dags() - Filling up the DagBag from /opt/airflow/dags/example_trigger_dag_operator_dag.py
[2025-09-10T22:38:42.098+0800] INFO - processor.py:925 - process_file() - DAG(s) 'example_triggered_data_processing_dag', 'example_trigger_main_dag' retrieved from /opt/airflow/dags/example_trigger_dag_operator_dag.py
[2025-09-10T22:38:42.133+0800] INFO - logging_mixin.py:190 - _propagate_log() - [2025-09-10T22:38:42.132+0800] INFO - dag.py:3239 - bulk_write_to_db() - Sync 2 DAGs
[2025-09-10T22:38:42.279+0800] INFO - logging_mixin.py:190 - _propagate_log() - [2025-09-10T22:38:42.278+0800] INFO - dag.py:4180 - calculate_dagrun_date_fields() - Setting next_dagrun for example_trigger_main_dag to None, run_after=None
[2025-09-10T22:38:42.283+0800] INFO - logging_mixin.py:190 - _propagate_log() - [2025-09-10T22:38:42.282+0800] INFO - dag.py:4180 - calculate_dagrun_date_fields() - Setting next_dagrun for example_triggered_data_processing_dag to None, run_after=None
[2025-09-10T22:38:42.305+0800] INFO - processor.py:208 - _run_file_processor() - Processing /opt/airflow/dags/example_trigger_dag_operator_dag.py took 0.238 seconds
[2025-09-10T22:39:13.030+0800] INFO - processor.py:186 - _handle_dag_file_processing() - Started process (PID=410) to work on /opt/airflow/dags/example_trigger_dag_operator_dag.py
[2025-09-10T22:39:13.031+0800] INFO - processor.py:914 - process_file() - Processing file /opt/airflow/dags/example_trigger_dag_operator_dag.py for tasks to queue
[2025-09-10T22:39:13.032+0800] INFO - logging_mixin.py:190 - _propagate_log() - [2025-09-10T22:39:13.032+0800] INFO - dagbag.py:588 - collect_dags() - Filling up the DagBag from /opt/airflow/dags/example_trigger_dag_operator_dag.py
[2025-09-10T22:39:13.168+0800] INFO - processor.py:925 - process_file() - DAG(s) 'example_triggered_data_processing_dag', 'example_trigger_main_dag' retrieved from /opt/airflow/dags/example_trigger_dag_operator_dag.py
[2025-09-10T22:39:13.193+0800] INFO - logging_mixin.py:190 - _propagate_log() - [2025-09-10T22:39:13.193+0800] INFO - dag.py:3239 - bulk_write_to_db() - Sync 2 DAGs
[2025-09-10T22:39:13.204+0800] INFO - logging_mixin.py:190 - _propagate_log() - [2025-09-10T22:39:13.204+0800] INFO - dag.py:4180 - calculate_dagrun_date_fields() - Setting next_dagrun for example_trigger_main_dag to None, run_after=None
[2025-09-10T22:39:13.208+0800] INFO - logging_mixin.py:190 - _propagate_log() - [2025-09-10T22:39:13.208+0800] INFO - dag.py:4180 - calculate_dagrun_date_fields() - Setting next_dagrun for example_triggered_data_processing_dag to None, run_after=None
[2025-09-10T22:39:13.226+0800] INFO - processor.py:208 - _run_file_processor() - Processing /opt/airflow/dags/example_trigger_dag_operator_dag.py took 0.202 seconds
[2025-09-10T22:39:44.076+0800] INFO - processor.py:186 - _handle_dag_file_processing() - Started process (PID=484) to work on /opt/airflow/dags/example_trigger_dag_operator_dag.py
[2025-09-10T22:39:44.078+0800] INFO - processor.py:914 - process_file() - Processing file /opt/airflow/dags/example_trigger_dag_operator_dag.py for tasks to queue
[2025-09-10T22:39:44.079+0800] INFO - logging_mixin.py:190 - _propagate_log() - [2025-09-10T22:39:44.079+0800] INFO - dagbag.py:588 - collect_dags() - Filling up the DagBag from /opt/airflow/dags/example_trigger_dag_operator_dag.py
[2025-09-10T22:39:44.091+0800] INFO - processor.py:925 - process_file() - DAG(s) 'example_triggered_data_processing_dag', 'example_trigger_main_dag' retrieved from /opt/airflow/dags/example_trigger_dag_operator_dag.py
[2025-09-10T22:39:44.120+0800] INFO - logging_mixin.py:190 - _propagate_log() - [2025-09-10T22:39:44.119+0800] INFO - dag.py:3239 - bulk_write_to_db() - Sync 2 DAGs
[2025-09-10T22:39:44.136+0800] INFO - logging_mixin.py:190 - _propagate_log() - [2025-09-10T22:39:44.136+0800] INFO - dag.py:4180 - calculate_dagrun_date_fields() - Setting next_dagrun for example_trigger_main_dag to None, run_after=None
[2025-09-10T22:39:44.139+0800] INFO - logging_mixin.py:190 - _propagate_log() - [2025-09-10T22:39:44.139+0800] INFO - dag.py:4180 - calculate_dagrun_date_fields() - Setting next_dagrun for example_triggered_data_processing_dag to None, run_after=None
[2025-09-10T22:39:44.161+0800] INFO - processor.py:208 - _run_file_processor() - Processing /opt/airflow/dags/example_trigger_dag_operator_dag.py took 0.092 seconds
[2025-09-10T22:40:14.350+0800] INFO - processor.py:186 - _handle_dag_file_processing() - Started process (PID=558) to work on /opt/airflow/dags/example_trigger_dag_operator_dag.py
[2025-09-10T22:40:14.351+0800] INFO - processor.py:914 - process_file() - Processing file /opt/airflow/dags/example_trigger_dag_operator_dag.py for tasks to queue
[2025-09-10T22:40:14.353+0800] INFO - logging_mixin.py:190 - _propagate_log() - [2025-09-10T22:40:14.353+0800] INFO - dagbag.py:588 - collect_dags() - Filling up the DagBag from /opt/airflow/dags/example_trigger_dag_operator_dag.py
[2025-09-10T22:40:14.364+0800] INFO - processor.py:925 - process_file() - DAG(s) 'example_trigger_main_dag', 'example_triggered_data_processing_dag' retrieved from /opt/airflow/dags/example_trigger_dag_operator_dag.py
[2025-09-10T22:40:14.394+0800] INFO - logging_mixin.py:190 - _propagate_log() - [2025-09-10T22:40:14.394+0800] INFO - dag.py:3239 - bulk_write_to_db() - Sync 2 DAGs
[2025-09-10T22:40:14.408+0800] INFO - logging_mixin.py:190 - _propagate_log() - [2025-09-10T22:40:14.407+0800] INFO - dag.py:4180 - calculate_dagrun_date_fields() - Setting next_dagrun for example_trigger_main_dag to None, run_after=None
[2025-09-10T22:40:14.411+0800] INFO - logging_mixin.py:190 - _propagate_log() - [2025-09-10T22:40:14.411+0800] INFO - dag.py:4180 - calculate_dagrun_date_fields() - Setting next_dagrun for example_triggered_data_processing_dag to None, run_after=None
[2025-09-10T22:40:14.431+0800] INFO - processor.py:208 - _run_file_processor() - Processing /opt/airflow/dags/example_trigger_dag_operator_dag.py took 0.089 seconds
[2025-09-10T22:40:44.665+0800] INFO - processor.py:186 - _handle_dag_file_processing() - Started process (PID=632) to work on /opt/airflow/dags/example_trigger_dag_operator_dag.py
[2025-09-10T22:40:44.667+0800] INFO - processor.py:914 - process_file() - Processing file /opt/airflow/dags/example_trigger_dag_operator_dag.py for tasks to queue
[2025-09-10T22:40:44.669+0800] INFO - logging_mixin.py:190 - _propagate_log() - [2025-09-10T22:40:44.668+0800] INFO - dagbag.py:588 - collect_dags() - Filling up the DagBag from /opt/airflow/dags/example_trigger_dag_operator_dag.py
[2025-09-10T22:40:44.680+0800] INFO - processor.py:925 - process_file() - DAG(s) 'example_trigger_main_dag', 'example_triggered_data_processing_dag' retrieved from /opt/airflow/dags/example_trigger_dag_operator_dag.py
[2025-09-10T22:40:44.710+0800] INFO - logging_mixin.py:190 - _propagate_log() - [2025-09-10T22:40:44.710+0800] INFO - dag.py:3239 - bulk_write_to_db() - Sync 2 DAGs
[2025-09-10T22:40:44.723+0800] INFO - logging_mixin.py:190 - _propagate_log() - [2025-09-10T22:40:44.723+0800] INFO - dag.py:4180 - calculate_dagrun_date_fields() - Setting next_dagrun for example_trigger_main_dag to None, run_after=None
[2025-09-10T22:40:44.727+0800] INFO - logging_mixin.py:190 - _propagate_log() - [2025-09-10T22:40:44.727+0800] INFO - dag.py:4180 - calculate_dagrun_date_fields() - Setting next_dagrun for example_triggered_data_processing_dag to None, run_after=None
[2025-09-10T22:40:44.748+0800] INFO - processor.py:208 - _run_file_processor() - Processing /opt/airflow/dags/example_trigger_dag_operator_dag.py took 0.091 seconds
[2025-09-10T22:41:15.019+0800] INFO - processor.py:186 - _handle_dag_file_processing() - Started process (PID=706) to work on /opt/airflow/dags/example_trigger_dag_operator_dag.py
[2025-09-10T22:41:15.025+0800] INFO - processor.py:914 - process_file() - Processing file /opt/airflow/dags/example_trigger_dag_operator_dag.py for tasks to queue
[2025-09-10T22:41:15.027+0800] INFO - logging_mixin.py:190 - _propagate_log() - [2025-09-10T22:41:15.026+0800] INFO - dagbag.py:588 - collect_dags() - Filling up the DagBag from /opt/airflow/dags/example_trigger_dag_operator_dag.py
[2025-09-10T22:41:15.038+0800] INFO - processor.py:925 - process_file() - DAG(s) 'example_triggered_data_processing_dag', 'example_trigger_main_dag' retrieved from /opt/airflow/dags/example_trigger_dag_operator_dag.py
[2025-09-10T22:41:15.068+0800] INFO - logging_mixin.py:190 - _propagate_log() - [2025-09-10T22:41:15.067+0800] INFO - dag.py:3239 - bulk_write_to_db() - Sync 2 DAGs
[2025-09-10T22:41:15.082+0800] INFO - logging_mixin.py:190 - _propagate_log() - [2025-09-10T22:41:15.082+0800] INFO - dag.py:4180 - calculate_dagrun_date_fields() - Setting next_dagrun for example_trigger_main_dag to None, run_after=None
[2025-09-10T22:41:15.085+0800] INFO - logging_mixin.py:190 - _propagate_log() - [2025-09-10T22:41:15.085+0800] INFO - dag.py:4180 - calculate_dagrun_date_fields() - Setting next_dagrun for example_triggered_data_processing_dag to None, run_after=None
[2025-09-10T22:41:15.106+0800] INFO - processor.py:208 - _run_file_processor() - Processing /opt/airflow/dags/example_trigger_dag_operator_dag.py took 0.094 seconds
[2025-09-10T22:41:45.351+0800] INFO - processor.py:186 - _handle_dag_file_processing() - Started process (PID=780) to work on /opt/airflow/dags/example_trigger_dag_operator_dag.py
[2025-09-10T22:41:45.352+0800] INFO - processor.py:914 - process_file() - Processing file /opt/airflow/dags/example_trigger_dag_operator_dag.py for tasks to queue
[2025-09-10T22:41:45.354+0800] INFO - logging_mixin.py:190 - _propagate_log() - [2025-09-10T22:41:45.353+0800] INFO - dagbag.py:588 - collect_dags() - Filling up the DagBag from /opt/airflow/dags/example_trigger_dag_operator_dag.py
[2025-09-10T22:41:45.365+0800] INFO - processor.py:925 - process_file() - DAG(s) 'example_triggered_data_processing_dag', 'example_trigger_main_dag' retrieved from /opt/airflow/dags/example_trigger_dag_operator_dag.py
[2025-09-10T22:41:45.395+0800] INFO - logging_mixin.py:190 - _propagate_log() - [2025-09-10T22:41:45.395+0800] INFO - dag.py:3239 - bulk_write_to_db() - Sync 2 DAGs
[2025-09-10T22:41:45.410+0800] INFO - logging_mixin.py:190 - _propagate_log() - [2025-09-10T22:41:45.410+0800] INFO - dag.py:4180 - calculate_dagrun_date_fields() - Setting next_dagrun for example_trigger_main_dag to None, run_after=None
[2025-09-10T22:41:45.414+0800] INFO - logging_mixin.py:190 - _propagate_log() - [2025-09-10T22:41:45.414+0800] INFO - dag.py:4180 - calculate_dagrun_date_fields() - Setting next_dagrun for example_triggered_data_processing_dag to None, run_after=None
[2025-09-10T22:41:45.439+0800] INFO - processor.py:208 - _run_file_processor() - Processing /opt/airflow/dags/example_trigger_dag_operator_dag.py took 0.095 seconds
[2025-09-10T22:42:15.799+0800] INFO - processor.py:186 - _handle_dag_file_processing() - Started process (PID=854) to work on /opt/airflow/dags/example_trigger_dag_operator_dag.py
[2025-09-10T22:42:15.805+0800] INFO - processor.py:914 - process_file() - Processing file /opt/airflow/dags/example_trigger_dag_operator_dag.py for tasks to queue
[2025-09-10T22:42:15.806+0800] INFO - logging_mixin.py:190 - _propagate_log() - [2025-09-10T22:42:15.806+0800] INFO - dagbag.py:588 - collect_dags() - Filling up the DagBag from /opt/airflow/dags/example_trigger_dag_operator_dag.py
[2025-09-10T22:42:15.817+0800] INFO - processor.py:925 - process_file() - DAG(s) 'example_triggered_data_processing_dag', 'example_trigger_main_dag' retrieved from /opt/airflow/dags/example_trigger_dag_operator_dag.py
[2025-09-10T22:42:15.844+0800] INFO - logging_mixin.py:190 - _propagate_log() - [2025-09-10T22:42:15.844+0800] INFO - dag.py:3239 - bulk_write_to_db() - Sync 2 DAGs
[2025-09-10T22:42:15.858+0800] INFO - logging_mixin.py:190 - _propagate_log() - [2025-09-10T22:42:15.858+0800] INFO - dag.py:4180 - calculate_dagrun_date_fields() - Setting next_dagrun for example_trigger_main_dag to None, run_after=None
[2025-09-10T22:42:15.861+0800] INFO - logging_mixin.py:190 - _propagate_log() - [2025-09-10T22:42:15.861+0800] INFO - dag.py:4180 - calculate_dagrun_date_fields() - Setting next_dagrun for example_triggered_data_processing_dag to None, run_after=None
[2025-09-10T22:42:15.881+0800] INFO - processor.py:208 - _run_file_processor() - Processing /opt/airflow/dags/example_trigger_dag_operator_dag.py took 0.091 seconds
[2025-09-10T22:42:46.194+0800] INFO - processor.py:186 - _handle_dag_file_processing() - Started process (PID=928) to work on /opt/airflow/dags/example_trigger_dag_operator_dag.py
[2025-09-10T22:42:46.195+0800] INFO - processor.py:914 - process_file() - Processing file /opt/airflow/dags/example_trigger_dag_operator_dag.py for tasks to queue
[2025-09-10T22:42:46.196+0800] INFO - logging_mixin.py:190 - _propagate_log() - [2025-09-10T22:42:46.196+0800] INFO - dagbag.py:588 - collect_dags() - Filling up the DagBag from /opt/airflow/dags/example_trigger_dag_operator_dag.py
[2025-09-10T22:42:46.211+0800] INFO - processor.py:925 - process_file() - DAG(s) 'example_triggered_data_processing_dag', 'example_trigger_main_dag' retrieved from /opt/airflow/dags/example_trigger_dag_operator_dag.py
[2025-09-10T22:42:46.246+0800] INFO - logging_mixin.py:190 - _propagate_log() - [2025-09-10T22:42:46.245+0800] INFO - dag.py:3239 - bulk_write_to_db() - Sync 2 DAGs
[2025-09-10T22:42:46.261+0800] INFO - logging_mixin.py:190 - _propagate_log() - [2025-09-10T22:42:46.260+0800] INFO - dag.py:4180 - calculate_dagrun_date_fields() - Setting next_dagrun for example_trigger_main_dag to None, run_after=None
[2025-09-10T22:42:46.265+0800] INFO - logging_mixin.py:190 - _propagate_log() - [2025-09-10T22:42:46.265+0800] INFO - dag.py:4180 - calculate_dagrun_date_fields() - Setting next_dagrun for example_triggered_data_processing_dag to None, run_after=None
[2025-09-10T22:42:46.289+0800] INFO - processor.py:208 - _run_file_processor() - Processing /opt/airflow/dags/example_trigger_dag_operator_dag.py took 0.103 seconds
[2025-09-10T22:43:16.488+0800] INFO - processor.py:186 - _handle_dag_file_processing() - Started process (PID=1002) to work on /opt/airflow/dags/example_trigger_dag_operator_dag.py
[2025-09-10T22:43:16.489+0800] INFO - processor.py:914 - process_file() - Processing file /opt/airflow/dags/example_trigger_dag_operator_dag.py for tasks to queue
[2025-09-10T22:43:16.491+0800] INFO - logging_mixin.py:190 - _propagate_log() - [2025-09-10T22:43:16.490+0800] INFO - dagbag.py:588 - collect_dags() - Filling up the DagBag from /opt/airflow/dags/example_trigger_dag_operator_dag.py
[2025-09-10T22:43:16.504+0800] INFO - processor.py:925 - process_file() - DAG(s) 'example_trigger_main_dag', 'example_triggered_data_processing_dag' retrieved from /opt/airflow/dags/example_trigger_dag_operator_dag.py
[2025-09-10T22:43:16.538+0800] INFO - logging_mixin.py:190 - _propagate_log() - [2025-09-10T22:43:16.538+0800] INFO - dag.py:3239 - bulk_write_to_db() - Sync 2 DAGs
[2025-09-10T22:43:16.552+0800] INFO - logging_mixin.py:190 - _propagate_log() - [2025-09-10T22:43:16.552+0800] INFO - dag.py:4180 - calculate_dagrun_date_fields() - Setting next_dagrun for example_trigger_main_dag to None, run_after=None
[2025-09-10T22:43:16.556+0800] INFO - logging_mixin.py:190 - _propagate_log() - [2025-09-10T22:43:16.555+0800] INFO - dag.py:4180 - calculate_dagrun_date_fields() - Setting next_dagrun for example_triggered_data_processing_dag to None, run_after=None
[2025-09-10T22:43:16.577+0800] INFO - processor.py:208 - _run_file_processor() - Processing /opt/airflow/dags/example_trigger_dag_operator_dag.py took 0.100 seconds
