[2025-09-10T22:37:10.508+0800] INFO - processor.py:186 - _handle_dag_file_processing() - Started process (PID=131) to work on /opt/airflow/dags/example_first_dag.py
[2025-09-10T22:37:10.511+0800] INFO - processor.py:914 - process_file() - Processing file /opt/airflow/dags/example_first_dag.py for tasks to queue
[2025-09-10T22:37:10.516+0800] INFO - logging_mixin.py:190 - _propagate_log() - [2025-09-10T22:37:10.515+0800] INFO - dagbag.py:588 - collect_dags() - Filling up the DagBag from /opt/airflow/dags/example_first_dag.py
[2025-09-10T22:37:10.552+0800] INFO - processor.py:925 - process_file() - DAG(s) 'example_first_dag' retrieved from /opt/airflow/dags/example_first_dag.py
[2025-09-10T22:37:10.597+0800] INFO - logging_mixin.py:190 - _propagate_log() - [2025-09-10T22:37:10.597+0800] INFO - dag.py:3239 - bulk_write_to_db() - Sync 1 DAGs
[2025-09-10T22:37:10.644+0800] INFO - logging_mixin.py:190 - _propagate_log() - [2025-09-10T22:37:10.644+0800] INFO - dag.py:4180 - calculate_dagrun_date_fields() - Setting next_dagrun for example_first_dag to 2025-09-10 13:00:00+00:00, run_after=2025-09-10 14:00:00+00:00
[2025-09-10T22:37:10.683+0800] INFO - processor.py:208 - _run_file_processor() - Processing /opt/airflow/dags/example_first_dag.py took 0.188 seconds
[2025-09-10T22:37:40.748+0800] INFO - processor.py:186 - _handle_dag_file_processing() - Started process (PID=205) to work on /opt/airflow/dags/example_first_dag.py
[2025-09-10T22:37:40.750+0800] INFO - processor.py:914 - process_file() - Processing file /opt/airflow/dags/example_first_dag.py for tasks to queue
[2025-09-10T22:37:40.753+0800] INFO - logging_mixin.py:190 - _propagate_log() - [2025-09-10T22:37:40.753+0800] INFO - dagbag.py:588 - collect_dags() - Filling up the DagBag from /opt/airflow/dags/example_first_dag.py
[2025-09-10T22:37:40.769+0800] INFO - processor.py:925 - process_file() - DAG(s) 'example_first_dag' retrieved from /opt/airflow/dags/example_first_dag.py
[2025-09-10T22:37:40.797+0800] INFO - logging_mixin.py:190 - _propagate_log() - [2025-09-10T22:37:40.797+0800] INFO - dag.py:3239 - bulk_write_to_db() - Sync 1 DAGs
[2025-09-10T22:37:40.828+0800] INFO - logging_mixin.py:190 - _propagate_log() - [2025-09-10T22:37:40.828+0800] INFO - dag.py:4180 - calculate_dagrun_date_fields() - Setting next_dagrun for example_first_dag to 2025-09-10 13:00:00+00:00, run_after=2025-09-10 14:00:00+00:00
[2025-09-10T22:37:40.983+0800] INFO - processor.py:208 - _run_file_processor() - Processing /opt/airflow/dags/example_first_dag.py took 0.242 seconds
[2025-09-10T22:38:11.770+0800] INFO - processor.py:186 - _handle_dag_file_processing() - Started process (PID=280) to work on /opt/airflow/dags/example_first_dag.py
[2025-09-10T22:38:11.771+0800] INFO - processor.py:914 - process_file() - Processing file /opt/airflow/dags/example_first_dag.py for tasks to queue
[2025-09-10T22:38:11.773+0800] INFO - logging_mixin.py:190 - _propagate_log() - [2025-09-10T22:38:11.772+0800] INFO - dagbag.py:588 - collect_dags() - Filling up the DagBag from /opt/airflow/dags/example_first_dag.py
[2025-09-10T22:38:11.790+0800] INFO - processor.py:925 - process_file() - DAG(s) 'example_first_dag' retrieved from /opt/airflow/dags/example_first_dag.py
[2025-09-10T22:38:11.816+0800] INFO - logging_mixin.py:190 - _propagate_log() - [2025-09-10T22:38:11.815+0800] INFO - dag.py:3239 - bulk_write_to_db() - Sync 1 DAGs
[2025-09-10T22:38:11.938+0800] INFO - logging_mixin.py:190 - _propagate_log() - [2025-09-10T22:38:11.938+0800] INFO - dag.py:4180 - calculate_dagrun_date_fields() - Setting next_dagrun for example_first_dag to 2025-09-10 13:00:00+00:00, run_after=2025-09-10 14:00:00+00:00
[2025-09-10T22:38:11.960+0800] INFO - processor.py:208 - _run_file_processor() - Processing /opt/airflow/dags/example_first_dag.py took 0.197 seconds
[2025-09-10T22:38:42.443+0800] INFO - processor.py:186 - _handle_dag_file_processing() - Started process (PID=354) to work on /opt/airflow/dags/example_first_dag.py
[2025-09-10T22:38:42.445+0800] INFO - processor.py:914 - process_file() - Processing file /opt/airflow/dags/example_first_dag.py for tasks to queue
[2025-09-10T22:38:42.446+0800] INFO - logging_mixin.py:190 - _propagate_log() - [2025-09-10T22:38:42.446+0800] INFO - dagbag.py:588 - collect_dags() - Filling up the DagBag from /opt/airflow/dags/example_first_dag.py
[2025-09-10T22:38:42.461+0800] INFO - processor.py:925 - process_file() - DAG(s) 'example_first_dag' retrieved from /opt/airflow/dags/example_first_dag.py
[2025-09-10T22:38:42.488+0800] INFO - logging_mixin.py:190 - _propagate_log() - [2025-09-10T22:38:42.487+0800] INFO - dag.py:3239 - bulk_write_to_db() - Sync 1 DAGs
[2025-09-10T22:38:41.950+0800] INFO - logging_mixin.py:190 - _propagate_log() - [2025-09-10T22:38:41.950+0800] INFO - dag.py:4180 - calculate_dagrun_date_fields() - Setting next_dagrun for example_first_dag to 2025-09-10 13:00:00+00:00, run_after=2025-09-10 14:00:00+00:00
[2025-09-10T22:38:41.967+0800] INFO - processor.py:208 - _run_file_processor() - Processing /opt/airflow/dags/example_first_dag.py took 0.217 seconds
[2025-09-10T22:39:12.013+0800] INFO - processor.py:186 - _handle_dag_file_processing() - Started process (PID=403) to work on /opt/airflow/dags/example_first_dag.py
[2025-09-10T22:39:12.014+0800] INFO - processor.py:914 - process_file() - Processing file /opt/airflow/dags/example_first_dag.py for tasks to queue
[2025-09-10T22:39:12.015+0800] INFO - logging_mixin.py:190 - _propagate_log() - [2025-09-10T22:39:12.015+0800] INFO - dagbag.py:588 - collect_dags() - Filling up the DagBag from /opt/airflow/dags/example_first_dag.py
[2025-09-10T22:39:12.149+0800] INFO - processor.py:925 - process_file() - DAG(s) 'example_first_dag' retrieved from /opt/airflow/dags/example_first_dag.py
[2025-09-10T22:39:12.171+0800] INFO - logging_mixin.py:190 - _propagate_log() - [2025-09-10T22:39:12.170+0800] INFO - dag.py:3239 - bulk_write_to_db() - Sync 1 DAGs
[2025-09-10T22:39:12.190+0800] INFO - logging_mixin.py:190 - _propagate_log() - [2025-09-10T22:39:12.190+0800] INFO - dag.py:4180 - calculate_dagrun_date_fields() - Setting next_dagrun for example_first_dag to 2025-09-10 13:00:00+00:00, run_after=2025-09-10 14:00:00+00:00
[2025-09-10T22:39:12.213+0800] INFO - processor.py:208 - _run_file_processor() - Processing /opt/airflow/dags/example_first_dag.py took 0.209 seconds
[2025-09-10T22:39:42.929+0800] INFO - processor.py:186 - _handle_dag_file_processing() - Started process (PID=477) to work on /opt/airflow/dags/example_first_dag.py
[2025-09-10T22:39:42.931+0800] INFO - processor.py:914 - process_file() - Processing file /opt/airflow/dags/example_first_dag.py for tasks to queue
[2025-09-10T22:39:42.934+0800] INFO - logging_mixin.py:190 - _propagate_log() - [2025-09-10T22:39:42.933+0800] INFO - dagbag.py:588 - collect_dags() - Filling up the DagBag from /opt/airflow/dags/example_first_dag.py
[2025-09-10T22:39:42.951+0800] INFO - processor.py:925 - process_file() - DAG(s) 'example_first_dag' retrieved from /opt/airflow/dags/example_first_dag.py
[2025-09-10T22:39:42.984+0800] INFO - logging_mixin.py:190 - _propagate_log() - [2025-09-10T22:39:42.983+0800] INFO - dag.py:3239 - bulk_write_to_db() - Sync 1 DAGs
[2025-09-10T22:39:43.014+0800] INFO - logging_mixin.py:190 - _propagate_log() - [2025-09-10T22:39:43.014+0800] INFO - dag.py:4180 - calculate_dagrun_date_fields() - Setting next_dagrun for example_first_dag to 2025-09-10 13:00:00+00:00, run_after=2025-09-10 14:00:00+00:00
[2025-09-10T22:39:43.040+0800] INFO - processor.py:208 - _run_file_processor() - Processing /opt/airflow/dags/example_first_dag.py took 0.119 seconds
[2025-09-10T22:40:13.213+0800] INFO - processor.py:186 - _handle_dag_file_processing() - Started process (PID=550) to work on /opt/airflow/dags/example_first_dag.py
[2025-09-10T22:40:13.215+0800] INFO - processor.py:914 - process_file() - Processing file /opt/airflow/dags/example_first_dag.py for tasks to queue
[2025-09-10T22:40:13.216+0800] INFO - logging_mixin.py:190 - _propagate_log() - [2025-09-10T22:40:13.216+0800] INFO - dagbag.py:588 - collect_dags() - Filling up the DagBag from /opt/airflow/dags/example_first_dag.py
[2025-09-10T22:40:13.232+0800] INFO - processor.py:925 - process_file() - DAG(s) 'example_first_dag' retrieved from /opt/airflow/dags/example_first_dag.py
[2025-09-10T22:40:13.257+0800] INFO - logging_mixin.py:190 - _propagate_log() - [2025-09-10T22:40:13.257+0800] INFO - dag.py:3239 - bulk_write_to_db() - Sync 1 DAGs
[2025-09-10T22:40:13.283+0800] INFO - logging_mixin.py:190 - _propagate_log() - [2025-09-10T22:40:13.283+0800] INFO - dag.py:4180 - calculate_dagrun_date_fields() - Setting next_dagrun for example_first_dag to 2025-09-10 13:00:00+00:00, run_after=2025-09-10 14:00:00+00:00
[2025-09-10T22:40:13.307+0800] INFO - processor.py:208 - _run_file_processor() - Processing /opt/airflow/dags/example_first_dag.py took 0.100 seconds
[2025-09-10T22:40:43.541+0800] INFO - processor.py:186 - _handle_dag_file_processing() - Started process (PID=625) to work on /opt/airflow/dags/example_first_dag.py
[2025-09-10T22:40:43.543+0800] INFO - processor.py:914 - process_file() - Processing file /opt/airflow/dags/example_first_dag.py for tasks to queue
[2025-09-10T22:40:43.544+0800] INFO - logging_mixin.py:190 - _propagate_log() - [2025-09-10T22:40:43.544+0800] INFO - dagbag.py:588 - collect_dags() - Filling up the DagBag from /opt/airflow/dags/example_first_dag.py
[2025-09-10T22:40:43.561+0800] INFO - processor.py:925 - process_file() - DAG(s) 'example_first_dag' retrieved from /opt/airflow/dags/example_first_dag.py
[2025-09-10T22:40:43.586+0800] INFO - logging_mixin.py:190 - _propagate_log() - [2025-09-10T22:40:43.586+0800] INFO - dag.py:3239 - bulk_write_to_db() - Sync 1 DAGs
[2025-09-10T22:40:43.611+0800] INFO - logging_mixin.py:190 - _propagate_log() - [2025-09-10T22:40:43.611+0800] INFO - dag.py:4180 - calculate_dagrun_date_fields() - Setting next_dagrun for example_first_dag to 2025-09-10 13:00:00+00:00, run_after=2025-09-10 14:00:00+00:00
[2025-09-10T22:40:43.635+0800] INFO - processor.py:208 - _run_file_processor() - Processing /opt/airflow/dags/example_first_dag.py took 0.103 seconds
[2025-09-10T22:41:13.888+0800] INFO - processor.py:186 - _handle_dag_file_processing() - Started process (PID=699) to work on /opt/airflow/dags/example_first_dag.py
[2025-09-10T22:41:13.889+0800] INFO - processor.py:914 - process_file() - Processing file /opt/airflow/dags/example_first_dag.py for tasks to queue
[2025-09-10T22:41:13.891+0800] INFO - logging_mixin.py:190 - _propagate_log() - [2025-09-10T22:41:13.890+0800] INFO - dagbag.py:588 - collect_dags() - Filling up the DagBag from /opt/airflow/dags/example_first_dag.py
[2025-09-10T22:41:13.907+0800] INFO - processor.py:925 - process_file() - DAG(s) 'example_first_dag' retrieved from /opt/airflow/dags/example_first_dag.py
[2025-09-10T22:41:13.931+0800] INFO - logging_mixin.py:190 - _propagate_log() - [2025-09-10T22:41:13.931+0800] INFO - dag.py:3239 - bulk_write_to_db() - Sync 1 DAGs
[2025-09-10T22:41:13.958+0800] INFO - logging_mixin.py:190 - _propagate_log() - [2025-09-10T22:41:13.958+0800] INFO - dag.py:4180 - calculate_dagrun_date_fields() - Setting next_dagrun for example_first_dag to 2025-09-10 13:00:00+00:00, run_after=2025-09-10 14:00:00+00:00
[2025-09-10T22:41:13.981+0800] INFO - processor.py:208 - _run_file_processor() - Processing /opt/airflow/dags/example_first_dag.py took 0.100 seconds
[2025-09-10T22:41:44.213+0800] INFO - processor.py:186 - _handle_dag_file_processing() - Started process (PID=773) to work on /opt/airflow/dags/example_first_dag.py
[2025-09-10T22:41:44.214+0800] INFO - processor.py:914 - process_file() - Processing file /opt/airflow/dags/example_first_dag.py for tasks to queue
[2025-09-10T22:41:44.215+0800] INFO - logging_mixin.py:190 - _propagate_log() - [2025-09-10T22:41:44.215+0800] INFO - dagbag.py:588 - collect_dags() - Filling up the DagBag from /opt/airflow/dags/example_first_dag.py
[2025-09-10T22:41:44.233+0800] INFO - processor.py:925 - process_file() - DAG(s) 'example_first_dag' retrieved from /opt/airflow/dags/example_first_dag.py
[2025-09-10T22:41:44.259+0800] INFO - logging_mixin.py:190 - _propagate_log() - [2025-09-10T22:41:44.259+0800] INFO - dag.py:3239 - bulk_write_to_db() - Sync 1 DAGs
[2025-09-10T22:41:44.286+0800] INFO - logging_mixin.py:190 - _propagate_log() - [2025-09-10T22:41:44.286+0800] INFO - dag.py:4180 - calculate_dagrun_date_fields() - Setting next_dagrun for example_first_dag to 2025-09-10 13:00:00+00:00, run_after=2025-09-10 14:00:00+00:00
[2025-09-10T22:41:44.314+0800] INFO - processor.py:208 - _run_file_processor() - Processing /opt/airflow/dags/example_first_dag.py took 0.109 seconds
[2025-09-10T22:42:14.656+0800] INFO - processor.py:186 - _handle_dag_file_processing() - Started process (PID=847) to work on /opt/airflow/dags/example_first_dag.py
[2025-09-10T22:42:14.658+0800] INFO - processor.py:914 - process_file() - Processing file /opt/airflow/dags/example_first_dag.py for tasks to queue
[2025-09-10T22:42:14.660+0800] INFO - logging_mixin.py:190 - _propagate_log() - [2025-09-10T22:42:14.659+0800] INFO - dagbag.py:588 - collect_dags() - Filling up the DagBag from /opt/airflow/dags/example_first_dag.py
[2025-09-10T22:42:14.676+0800] INFO - processor.py:925 - process_file() - DAG(s) 'example_first_dag' retrieved from /opt/airflow/dags/example_first_dag.py
[2025-09-10T22:42:14.701+0800] INFO - logging_mixin.py:190 - _propagate_log() - [2025-09-10T22:42:14.701+0800] INFO - dag.py:3239 - bulk_write_to_db() - Sync 1 DAGs
[2025-09-10T22:42:14.728+0800] INFO - logging_mixin.py:190 - _propagate_log() - [2025-09-10T22:42:14.727+0800] INFO - dag.py:4180 - calculate_dagrun_date_fields() - Setting next_dagrun for example_first_dag to 2025-09-10 13:00:00+00:00, run_after=2025-09-10 14:00:00+00:00
[2025-09-10T22:42:14.755+0800] INFO - processor.py:208 - _run_file_processor() - Processing /opt/airflow/dags/example_first_dag.py took 0.107 seconds
[2025-09-10T22:42:45.060+0800] INFO - processor.py:186 - _handle_dag_file_processing() - Started process (PID=921) to work on /opt/airflow/dags/example_first_dag.py
[2025-09-10T22:42:45.061+0800] INFO - processor.py:914 - process_file() - Processing file /opt/airflow/dags/example_first_dag.py for tasks to queue
[2025-09-10T22:42:45.062+0800] INFO - logging_mixin.py:190 - _propagate_log() - [2025-09-10T22:42:45.062+0800] INFO - dagbag.py:588 - collect_dags() - Filling up the DagBag from /opt/airflow/dags/example_first_dag.py
[2025-09-10T22:42:45.076+0800] INFO - processor.py:925 - process_file() - DAG(s) 'example_first_dag' retrieved from /opt/airflow/dags/example_first_dag.py
[2025-09-10T22:42:45.100+0800] INFO - logging_mixin.py:190 - _propagate_log() - [2025-09-10T22:42:45.100+0800] INFO - dag.py:3239 - bulk_write_to_db() - Sync 1 DAGs
[2025-09-10T22:42:45.126+0800] INFO - logging_mixin.py:190 - _propagate_log() - [2025-09-10T22:42:45.126+0800] INFO - dag.py:4180 - calculate_dagrun_date_fields() - Setting next_dagrun for example_first_dag to 2025-09-10 13:00:00+00:00, run_after=2025-09-10 14:00:00+00:00
[2025-09-10T22:42:45.150+0800] INFO - processor.py:208 - _run_file_processor() - Processing /opt/airflow/dags/example_first_dag.py took 0.098 seconds
[2025-09-10T22:43:15.330+0800] INFO - processor.py:186 - _handle_dag_file_processing() - Started process (PID=995) to work on /opt/airflow/dags/example_first_dag.py
[2025-09-10T22:43:15.353+0800] INFO - processor.py:914 - process_file() - Processing file /opt/airflow/dags/example_first_dag.py for tasks to queue
[2025-09-10T22:43:15.355+0800] INFO - logging_mixin.py:190 - _propagate_log() - [2025-09-10T22:43:15.355+0800] INFO - dagbag.py:588 - collect_dags() - Filling up the DagBag from /opt/airflow/dags/example_first_dag.py
[2025-09-10T22:43:15.369+0800] INFO - processor.py:925 - process_file() - DAG(s) 'example_first_dag' retrieved from /opt/airflow/dags/example_first_dag.py
[2025-09-10T22:43:15.398+0800] INFO - logging_mixin.py:190 - _propagate_log() - [2025-09-10T22:43:15.397+0800] INFO - dag.py:3239 - bulk_write_to_db() - Sync 1 DAGs
[2025-09-10T22:43:15.424+0800] INFO - logging_mixin.py:190 - _propagate_log() - [2025-09-10T22:43:15.424+0800] INFO - dag.py:4180 - calculate_dagrun_date_fields() - Setting next_dagrun for example_first_dag to 2025-09-10 13:00:00+00:00, run_after=2025-09-10 14:00:00+00:00
[2025-09-10T22:43:15.448+0800] INFO - processor.py:208 - _run_file_processor() - Processing /opt/airflow/dags/example_first_dag.py took 0.125 seconds
